TN:
SF:src/main.js
FN:24,(anonymous_0)
FN:29,createWindow
FN:31,(anonymous_2)
FN:60,(anonymous_3)
FN:62,(anonymous_4)
FN:80,(anonymous_5)
FN:90,(anonymous_6)
FN:101,(anonymous_7)
FN:123,buildMenu
FN:126,(anonymous_9)
FN:214,(anonymous_10)
FN:226,initializeAutoUpdates
FN:240,(anonymous_12)
FN:251,(anonymous_13)
FN:253,(anonymous_14)
FN:268,(anonymous_15)
FN:280,(anonymous_16)
FN:291,(anonymous_17)
FN:298,(anonymous_18)
FN:337,scheduleAutomaticUpdateChecks
FN:341,(anonymous_20)
FN:342,(anonymous_21)
FN:348,requestUpdateCheck
FN:385,(anonymous_23)
FN:415,(anonymous_24)
FN:420,(anonymous_25)
FN:451,(anonymous_26)
FN:461,(anonymous_27)
FN:465,(anonymous_28)
FNF:29
FNH:2
FNDA:0,(anonymous_0)
FNDA:1,createWindow
FNDA:0,(anonymous_2)
FNDA:0,(anonymous_3)
FNDA:0,(anonymous_4)
FNDA:0,(anonymous_5)
FNDA:0,(anonymous_6)
FNDA:0,(anonymous_7)
FNDA:0,buildMenu
FNDA:0,(anonymous_9)
FNDA:0,(anonymous_10)
FNDA:0,initializeAutoUpdates
FNDA:0,(anonymous_12)
FNDA:0,(anonymous_13)
FNDA:0,(anonymous_14)
FNDA:0,(anonymous_15)
FNDA:0,(anonymous_16)
FNDA:0,(anonymous_17)
FNDA:0,(anonymous_18)
FNDA:0,scheduleAutomaticUpdateChecks
FNDA:0,(anonymous_20)
FNDA:0,(anonymous_21)
FNDA:0,requestUpdateCheck
FNDA:0,(anonymous_23)
FNDA:1,(anonymous_24)
FNDA:0,(anonymous_25)
FNDA:0,(anonymous_26)
FNDA:0,(anonymous_27)
FNDA:0,(anonymous_28)
DA:1,1
DA:2,1
DA:3,1
DA:7,1
DA:8,1
DA:10,0
DA:11,0
DA:15,1
DA:16,1
DA:17,1
DA:18,1
DA:22,1
DA:23,1
DA:24,1
DA:27,1
DA:31,1
DA:32,0
DA:33,0
DA:37,0
DA:47,0
DA:50,0
DA:51,0
DA:55,0
DA:56,0
DA:60,0
DA:61,0
DA:62,0
DA:63,0
DA:64,0
DA:65,0
DA:70,0
DA:77,0
DA:78,0
DA:80,0
DA:81,0
DA:82,0
DA:83,0
DA:85,0
DA:90,0
DA:91,0
DA:92,0
DA:93,0
DA:95,0
DA:101,0
DA:102,0
DA:103,0
DA:104,0
DA:109,0
DA:115,0
DA:116,0
DA:119,0
DA:120,0
DA:124,0
DA:126,0
DA:129,0
DA:215,0
DA:222,0
DA:223,0
DA:227,0
DA:228,0
DA:229,0
DA:232,0
DA:233,0
DA:234,0
DA:237,0
DA:238,0
DA:240,0
DA:241,0
DA:242,0
DA:243,0
DA:252,0
DA:253,0
DA:254,0
DA:255,0
DA:263,0
DA:268,0
DA:269,0
DA:270,0
DA:271,0
DA:276,0
DA:280,0
DA:281,0
DA:282,0
DA:283,0
DA:292,0
DA:293,0
DA:298,0
DA:299,0
DA:301,0
DA:302,0
DA:304,0
DA:306,0
DA:307,0
DA:310,0
DA:311,0
DA:317,0
DA:318,0
DA:322,0
DA:323,0
DA:324,0
DA:330,0
DA:334,0
DA:338,0
DA:339,0
DA:341,0
DA:342,0
DA:343,0
DA:344,0
DA:349,0
DA:350,0
DA:351,0
DA:357,0
DA:360,0
DA:361,0
DA:362,0
DA:368,0
DA:371,0
DA:372,0
DA:373,0
DA:379,0
DA:382,0
DA:383,0
DA:385,0
DA:386,0
DA:388,0
DA:389,0
DA:391,0
DA:393,0
DA:394,0
DA:395,0
DA:396,0
DA:403,0
DA:410,0
DA:415,1
DA:416,1
DA:417,1
DA:418,0
DA:420,0
DA:421,0
DA:423,0
DA:425,0
DA:426,0
DA:427,0
DA:428,0
DA:430,0
DA:433,0
DA:434,0
DA:437,0
DA:442,0
DA:443,0
DA:446,0
DA:447,0
DA:451,1
DA:452,0
DA:453,0
DA:454,0
DA:456,0
DA:461,1
DA:462,0
DA:465,1
DA:466,0
DA:467,0
LF:162
LH:20
BRDA:24,0,0,0
BRDA:24,0,1,0
BRDA:24,1,0,0
BRDA:24,1,1,0
BRDA:50,2,0,0
BRDA:50,2,1,0
BRDA:63,3,0,0
BRDA:63,3,1,0
BRDA:63,4,0,0
BRDA:63,4,1,0
BRDA:81,5,0,0
BRDA:81,5,1,0
BRDA:81,6,0,0
BRDA:81,6,1,0
BRDA:91,7,0,0
BRDA:91,7,1,0
BRDA:91,8,0,0
BRDA:91,8,1,0
BRDA:102,9,0,0
BRDA:102,9,1,0
BRDA:102,10,0,0
BRDA:102,10,1,0
BRDA:115,11,0,0
BRDA:115,11,1,0
BRDA:130,12,0,0
BRDA:130,12,1,0
BRDA:163,13,0,0
BRDA:163,13,1,0
BRDA:200,14,0,0
BRDA:200,14,1,0
BRDA:227,15,0,0
BRDA:227,15,1,0
BRDA:232,16,0,0
BRDA:232,16,1,0
BRDA:252,17,0,0
BRDA:252,17,1,0
BRDA:259,18,0,0
BRDA:259,18,1,0
BRDA:270,19,0,0
BRDA:270,19,1,0
BRDA:292,20,0,0
BRDA:292,20,1,0
BRDA:301,21,0,0
BRDA:301,21,1,0
BRDA:302,22,0,0
BRDA:302,22,1,0
BRDA:304,23,0,0
BRDA:304,23,1,0
BRDA:304,24,0,0
BRDA:304,24,1,0
BRDA:306,25,0,0
BRDA:306,25,1,0
BRDA:310,26,0,0
BRDA:310,26,1,0
BRDA:323,27,0,0
BRDA:323,27,1,0
BRDA:328,28,0,0
BRDA:328,28,1,0
BRDA:349,29,0,0
BRDA:349,29,1,0
BRDA:350,30,0,0
BRDA:350,30,1,0
BRDA:360,31,0,0
BRDA:360,31,1,0
BRDA:361,32,0,0
BRDA:361,32,1,0
BRDA:371,33,0,0
BRDA:371,33,1,0
BRDA:372,34,0,0
BRDA:372,34,1,0
BRDA:388,35,0,0
BRDA:388,35,1,0
BRDA:389,36,0,0
BRDA:389,36,1,0
BRDA:389,37,0,0
BRDA:389,37,1,0
BRDA:394,38,0,0
BRDA:394,38,1,0
BRDA:395,39,0,0
BRDA:395,39,1,0
BRDA:407,40,0,0
BRDA:407,40,1,0
BRDA:421,41,0,0
BRDA:421,41,1,0
BRDA:426,42,0,0
BRDA:426,42,1,0
BRDA:426,43,0,0
BRDA:426,43,1,0
BRDA:426,43,2,0
BRDA:427,44,0,0
BRDA:427,44,1,0
BRDA:428,45,0,0
BRDA:428,45,1,0
BRDA:433,46,0,0
BRDA:433,46,1,0
BRDA:433,47,0,0
BRDA:433,47,1,0
BRDA:442,48,0,0
BRDA:442,48,1,0
BRDA:442,49,0,0
BRDA:442,49,1,0
BRDA:442,49,2,0
BRDA:452,50,0,0
BRDA:452,50,1,0
BRDA:462,51,0,0
BRDA:462,51,1,0
BRF:106
BRH:0
end_of_record
TN:
SF:src/renderer.js
FN:15,(anonymous_0)
FN:20,updateUnreadSummary
FN:23,(anonymous_2)
FN:26,(anonymous_3)
FN:69,sendNativeNotification
FN:88,(anonymous_5)
FN:123,saveUnreadState
FN:131,restoreUnreadState
FN:136,(anonymous_8)
FN:147,setTabUnread
FN:171,openTab
FN:214,(anonymous_11)
FN:219,setWebviewAttributes
FN:220,(anonymous_13)
FN:229,getPlatformHost
FN:241,isInternalHost
FN:247,openExternalLink
FN:256,createPlatformButton
FN:261,(anonymous_18)
FN:272,renderSidebarButtons
FN:281,(anonymous_20)
FN:284,(anonymous_21)
FN:295,createPlatformTab
FN:314,renderPlatformTabs
FN:323,(anonymous_24)
FN:331,(anonymous_25)
FN:344,setupWebviews
FN:346,(anonymous_27)
FN:360,(anonymous_28)
FN:372,(anonymous_29)
FN:382,(anonymous_30)
FN:393,(anonymous_31)
FN:400,(anonymous_32)
FN:419,(anonymous_33)
FN:427,(anonymous_34)
FN:439,(anonymous_35)
FN:449,(anonymous_36)
FN:456,(anonymous_37)
FN:457,(anonymous_38)
FN:460,(anonymous_39)
FN:485,(anonymous_40)
FN:490,(anonymous_41)
FN:493,(anonymous_42)
FN:494,(anonymous_43)
FN:497,(anonymous_44)
FN:510,(anonymous_45)
FN:519,(anonymous_46)
FN:521,(anonymous_47)
FN:572,(anonymous_48)
FN:586,setupKeyboardShortcuts
FN:587,(anonymous_50)
FN:590,(anonymous_51)
FN:596,(anonymous_52)
FN:614,buildDefaultAppsState
FN:615,(anonymous_54)
FN:634,isNotificationsEnabled
FN:643,loadAppState
FN:664,saveAppState
FN:673,applySidebarDensity
FN:691,setupGlobalSettings
FN:697,(anonymous_60)
FN:713,(anonymous_61)
FN:725,(anonymous_62)
FN:734,(anonymous_63)
FN:740,(anonymous_64)
FN:746,(anonymous_65)
FN:759,initializeButtonRefs
FN:765,updateSidebarVisibility
FN:801,updateNotificationToggles
FN:802,(anonymous_69)
FN:812,setupAppToggles
FN:814,(anonymous_71)
FN:827,(anonymous_72)
FN:854,(anonymous_73)
FN:872,saveSidebarOrder
FN:878,(anonymous_75)
FN:879,(anonymous_76)
FN:891,setupSidebarDragAndDrop
FN:897,(anonymous_78)
FN:902,(anonymous_79)
FN:909,(anonymous_80)
FN:921,(anonymous_81)
FN:930,(anonymous_82)
FN:940,(anonymous_83)
FN:948,(anonymous_84)
FN:976,(anonymous_85)
FN:984,(anonymous_86)
FN:1003,(anonymous_87)
FN:1012,resetUnreadStateForTests
FN:1013,(anonymous_89)
FN:1018,resetAppStateForTests
FN:1022,(anonymous_91)
FN:1025,(anonymous_92)
FN:1033,(anonymous_93)
FN:1052,(anonymous_94)
FN:1091,(anonymous_95)
FN:1102,(anonymous_96)
FN:1108,(anonymous_97)
FN:1114,(anonymous_98)
FN:1132,(anonymous_99)
FN:1138,applyTheme
FN:1142,updateThemeChips
FN:1144,(anonymous_102)
FN:1158,openSettingsTab
FN:1160,(anonymous_104)
FN:1165,(anonymous_105)
FNF:106
FNH:24
FNDA:36,(anonymous_0)
FNDA:4,updateUnreadSummary
FNDA:36,(anonymous_2)
FNDA:2,(anonymous_3)
FNDA:0,sendNativeNotification
FNDA:0,(anonymous_5)
FNDA:1,saveUnreadState
FNDA:0,restoreUnreadState
FNDA:0,(anonymous_8)
FNDA:2,setTabUnread
FNDA:0,openTab
FNDA:24,(anonymous_11)
FNDA:0,setWebviewAttributes
FNDA:0,(anonymous_13)
FNDA:0,getPlatformHost
FNDA:0,isInternalHost
FNDA:0,openExternalLink
FNDA:0,createPlatformButton
FNDA:0,(anonymous_18)
FNDA:0,renderSidebarButtons
FNDA:0,(anonymous_20)
FNDA:0,(anonymous_21)
FNDA:0,createPlatformTab
FNDA:0,renderPlatformTabs
FNDA:0,(anonymous_24)
FNDA:0,(anonymous_25)
FNDA:0,setupWebviews
FNDA:0,(anonymous_27)
FNDA:0,(anonymous_28)
FNDA:0,(anonymous_29)
FNDA:0,(anonymous_30)
FNDA:0,(anonymous_31)
FNDA:0,(anonymous_32)
FNDA:0,(anonymous_33)
FNDA:0,(anonymous_34)
FNDA:0,(anonymous_35)
FNDA:0,(anonymous_36)
FNDA:0,(anonymous_37)
FNDA:0,(anonymous_38)
FNDA:0,(anonymous_39)
FNDA:0,(anonymous_40)
FNDA:0,(anonymous_41)
FNDA:0,(anonymous_42)
FNDA:0,(anonymous_43)
FNDA:0,(anonymous_44)
FNDA:0,(anonymous_45)
FNDA:0,(anonymous_46)
FNDA:0,(anonymous_47)
FNDA:0,(anonymous_48)
FNDA:0,setupKeyboardShortcuts
FNDA:0,(anonymous_50)
FNDA:0,(anonymous_51)
FNDA:0,(anonymous_52)
FNDA:4,buildDefaultAppsState
FNDA:36,(anonymous_54)
FNDA:5,isNotificationsEnabled
FNDA:0,loadAppState
FNDA:4,saveAppState
FNDA:1,applySidebarDensity
FNDA:1,setupGlobalSettings
FNDA:1,(anonymous_60)
FNDA:1,(anonymous_61)
FNDA:1,(anonymous_62)
FNDA:2,(anonymous_63)
FNDA:1,(anonymous_64)
FNDA:2,(anonymous_65)
FNDA:0,initializeButtonRefs
FNDA:0,updateSidebarVisibility
FNDA:0,updateNotificationToggles
FNDA:0,(anonymous_69)
FNDA:0,setupAppToggles
FNDA:0,(anonymous_71)
FNDA:0,(anonymous_72)
FNDA:0,(anonymous_73)
FNDA:0,saveSidebarOrder
FNDA:0,(anonymous_75)
FNDA:0,(anonymous_76)
FNDA:0,setupSidebarDragAndDrop
FNDA:0,(anonymous_78)
FNDA:0,(anonymous_79)
FNDA:0,(anonymous_80)
FNDA:0,(anonymous_81)
FNDA:0,(anonymous_82)
FNDA:0,(anonymous_83)
FNDA:0,(anonymous_84)
FNDA:0,(anonymous_85)
FNDA:0,(anonymous_86)
FNDA:0,(anonymous_87)
FNDA:4,resetUnreadStateForTests
FNDA:36,(anonymous_89)
FNDA:4,resetAppStateForTests
FNDA:36,(anonymous_91)
FNDA:36,(anonymous_92)
FNDA:0,(anonymous_93)
FNDA:0,(anonymous_94)
FNDA:0,(anonymous_95)
FNDA:0,(anonymous_96)
FNDA:0,(anonymous_97)
FNDA:0,(anonymous_98)
FNDA:0,(anonymous_99)
FNDA:0,applyTheme
FNDA:0,updateThemeChips
FNDA:0,(anonymous_102)
FNDA:0,openSettingsTab
FNDA:0,(anonymous_104)
FNDA:0,(anonymous_105)
DA:1,4
DA:2,4
DA:3,4
DA:4,4
DA:8,4
DA:10,4
DA:12,4
DA:15,4
DA:16,36
DA:17,36
DA:21,4
DA:22,4
DA:23,36
DA:25,4
DA:26,4
DA:29,4
DA:30,2
DA:37,2
DA:45,4
DA:46,0
DA:47,0
DA:48,0
DA:52,4
DA:53,2
DA:55,2
DA:59,0
DA:64,4
DA:65,4
DA:66,4
DA:70,0
DA:72,0
DA:74,0
DA:75,0
DA:76,0
DA:80,0
DA:81,0
DA:82,0
DA:83,0
DA:85,0
DA:87,0
DA:89,0
DA:100,0
DA:103,0
DA:104,0
DA:105,0
DA:107,0
DA:110,0
DA:119,0
DA:124,1
DA:125,1
DA:127,0
DA:132,0
DA:133,0
DA:134,0
DA:135,0
DA:136,0
DA:137,0
DA:138,0
DA:141,0
DA:143,0
DA:148,2
DA:149,2
DA:150,2
DA:151,2
DA:152,2
DA:153,2
DA:154,2
DA:155,1
DA:156,1
DA:157,1
DA:159,1
DA:160,1
DA:163,2
DA:164,1
DA:166,2
DA:167,0
DA:172,0
DA:173,0
DA:174,0
DA:177,0
DA:178,0
DA:179,0
DA:182,0
DA:183,0
DA:190,4
DA:193,4
DA:209,4
DA:214,24
DA:220,0
DA:221,0
DA:222,0
DA:224,0
DA:230,0
DA:231,0
DA:232,0
DA:233,0
DA:234,0
DA:236,0
DA:237,0
DA:242,0
DA:243,0
DA:244,0
DA:248,0
DA:249,0
DA:250,0
DA:252,0
DA:257,0
DA:258,0
DA:259,0
DA:260,0
DA:261,0
DA:263,0
DA:264,0
DA:265,0
DA:266,0
DA:267,0
DA:269,0
DA:273,0
DA:274,0
DA:275,0
DA:276,0
DA:277,0
DA:280,0
DA:281,0
DA:283,0
DA:284,0
DA:285,0
DA:286,0
DA:287,0
DA:289,0
DA:291,0
DA:296,0
DA:297,0
DA:298,0
DA:299,0
DA:301,0
DA:302,0
DA:303,0
DA:304,0
DA:305,0
DA:306,0
DA:307,0
DA:310,0
DA:311,0
DA:315,0
DA:316,0
DA:317,0
DA:318,0
DA:319,0
DA:320,0
DA:323,0
DA:324,0
DA:325,0
DA:326,0
DA:330,0
DA:331,0
DA:332,0
DA:333,0
DA:334,0
DA:337,0
DA:339,0
DA:345,0
DA:346,0
DA:347,0
DA:348,0
DA:351,0
DA:352,0
DA:355,0
DA:356,0
DA:360,0
DA:361,0
DA:362,0
DA:363,0
DA:371,0
DA:372,0
DA:373,0
DA:374,0
DA:375,0
DA:382,0
DA:383,0
DA:384,0
DA:385,0
DA:393,0
DA:394,0
DA:395,0
DA:396,0
DA:400,0
DA:401,0
DA:402,0
DA:403,0
DA:405,0
DA:406,0
DA:407,0
DA:409,0
DA:410,0
DA:411,0
DA:412,0
DA:415,0
DA:419,0
DA:420,0
DA:421,0
DA:422,0
DA:423,0
DA:426,0
DA:427,0
DA:428,0
DA:429,0
DA:430,0
DA:431,0
DA:432,0
DA:439,0
DA:440,0
DA:441,0
DA:442,0
DA:443,0
DA:449,0
DA:450,0
DA:451,0
DA:452,0
DA:455,0
DA:456,0
DA:457,0
DA:459,0
DA:460,0
DA:461,0
DA:462,0
DA:464,0
DA:486,0
DA:487,0
DA:488,0
DA:492,0
DA:493,0
DA:494,0
DA:497,0
DA:499,0
DA:500,0
DA:509,0
DA:510,0
DA:515,0
DA:518,0
DA:519,0
DA:521,0
DA:522,0
DA:523,0
DA:572,0
DA:576,0
DA:578,0
DA:579,0
DA:587,0
DA:588,0
DA:589,0
DA:590,0
DA:591,0
DA:593,0
DA:596,0
DA:598,0
DA:599,0
DA:600,0
DA:601,0
DA:602,0
DA:603,0
DA:604,0
DA:605,0
DA:606,0
DA:615,4
DA:616,36
DA:617,36
DA:621,4
DA:632,4
DA:635,5
DA:636,5
DA:637,0
DA:639,5
DA:644,0
DA:645,0
DA:646,0
DA:647,0
DA:648,0
DA:649,0
DA:651,0
DA:652,0
DA:654,0
DA:655,0
DA:659,0
DA:665,4
DA:666,4
DA:668,0
DA:674,1
DA:675,1
DA:676,1
DA:678,1
DA:679,1
DA:680,1
DA:682,0
DA:683,0
DA:686,0
DA:692,1
DA:694,1
DA:695,1
DA:696,1
DA:697,1
DA:698,1
DA:699,1
DA:700,1
DA:703,1
DA:704,1
DA:710,1
DA:711,1
DA:712,1
DA:713,1
DA:714,1
DA:715,1
DA:716,1
DA:718,1
DA:722,1
DA:723,1
DA:724,1
DA:725,1
DA:726,1
DA:727,1
DA:728,1
DA:733,1
DA:734,1
DA:735,2
DA:736,2
DA:737,1
DA:740,2
DA:741,1
DA:742,1
DA:743,1
DA:746,2
DA:747,1
DA:749,1
DA:753,0
DA:757,4
DA:760,0
DA:761,0
DA:766,0
DA:767,0
DA:768,0
DA:769,0
DA:773,0
DA:774,0
DA:778,0
DA:779,0
DA:780,0
DA:781,0
DA:784,0
DA:785,0
DA:786,0
DA:788,0
DA:789,0
DA:796,0
DA:802,0
DA:803,0
DA:804,0
DA:805,0
DA:806,0
DA:813,0
DA:814,0
DA:815,0
DA:816,0
DA:819,0
DA:820,0
DA:821,0
DA:822,0
DA:823,0
DA:827,0
DA:828,0
DA:829,0
DA:830,0
DA:833,0
DA:834,0
DA:835,0
DA:836,0
DA:839,0
DA:840,0
DA:841,0
DA:845,0
DA:848,0
DA:851,0
DA:854,0
DA:855,0
DA:857,0
DA:858,0
DA:859,0
DA:860,0
DA:861,0
DA:863,0
DA:868,0
DA:873,0
DA:874,0
DA:876,0
DA:877,0
DA:878,0
DA:879,0
DA:881,0
DA:882,0
DA:883,0
DA:888,4
DA:889,4
DA:892,0
DA:893,0
DA:896,0
DA:897,0
DA:898,0
DA:899,0
DA:902,0
DA:903,0
DA:904,0
DA:907,0
DA:908,0
DA:909,0
DA:910,0
DA:912,0
DA:915,0
DA:916,0
DA:917,0
DA:919,0
DA:921,0
DA:922,0
DA:923,0
DA:924,0
DA:925,0
DA:927,0
DA:928,0
DA:930,0
DA:931,0
DA:932,0
DA:933,0
DA:934,0
DA:937,0
DA:938,0
DA:940,0
DA:941,0
DA:942,0
DA:945,0
DA:946,0
DA:948,0
DA:949,0
DA:950,0
DA:952,0
DA:953,0
DA:954,0
DA:957,0
DA:958,0
DA:959,0
DA:962,0
DA:963,0
DA:964,0
DA:966,0
DA:967,0
DA:968,0
DA:969,0
DA:971,0
DA:973,0
DA:974,0
DA:976,0
DA:979,0
DA:981,0
DA:982,0
DA:984,0
DA:985,0
DA:986,0
DA:987,0
DA:989,0
DA:991,0
DA:992,0
DA:994,0
DA:996,0
DA:997,0
DA:998,0
DA:1003,0
DA:1004,0
DA:1005,0
DA:1006,0
DA:1007,0
DA:1013,4
DA:1014,36
DA:1019,4
DA:1022,4
DA:1023,36
DA:1025,4
DA:1026,36
DA:1030,4
DA:1033,4
DA:1034,0
DA:1035,0
DA:1038,0
DA:1041,0
DA:1044,0
DA:1045,0
DA:1048,0
DA:1049,0
DA:1050,0
DA:1051,0
DA:1052,0
DA:1053,0
DA:1058,0
DA:1061,0
DA:1064,0
DA:1067,0
DA:1070,0
DA:1071,0
DA:1072,0
DA:1074,0
DA:1075,0
DA:1076,0
DA:1079,0
DA:1080,0
DA:1081,0
DA:1084,0
DA:1085,0
DA:1086,0
DA:1089,0
DA:1090,0
DA:1091,0
DA:1092,0
DA:1093,0
DA:1094,0
DA:1097,0
DA:1101,0
DA:1102,0
DA:1103,0
DA:1104,0
DA:1105,0
DA:1108,0
DA:1109,0
DA:1110,0
DA:1111,0
DA:1114,0
DA:1115,0
DA:1120,0
DA:1123,0
DA:1126,0
DA:1127,0
DA:1130,0
DA:1131,0
DA:1132,0
DA:1133,0
DA:1139,0
DA:1143,0
DA:1144,0
DA:1145,0
DA:1146,0
DA:1147,0
DA:1148,0
DA:1149,0
DA:1150,0
DA:1151,0
DA:1153,0
DA:1159,0
DA:1160,0
DA:1161,0
DA:1164,0
DA:1165,0
DA:1166,0
DA:1169,0
DA:1170,0
DA:1171,0
DA:1174,0
DA:1175,0
DA:1176,0
DA:1181,4
DA:1182,4
DA:1184,4
DA:1185,4
LF:567
LH:115
BRDA:23,0,0,36
BRDA:23,0,1,3
BRDA:29,1,0,2
BRDA:29,1,1,2
BRDA:45,2,0,0
BRDA:45,2,1,4
BRDA:45,3,0,4
BRDA:45,3,1,2
BRDA:46,4,0,0
BRDA:46,4,1,0
BRDA:52,5,0,2
BRDA:52,5,1,2
BRDA:72,6,0,0
BRDA:72,6,1,0
BRDA:74,7,0,0
BRDA:74,7,1,0
BRDA:80,8,0,0
BRDA:80,8,1,0
BRDA:82,9,0,0
BRDA:82,9,1,0
BRDA:100,10,0,0
BRDA:100,10,1,0
BRDA:104,11,0,0
BRDA:104,11,1,0
BRDA:105,12,0,0
BRDA:105,12,1,0
BRDA:134,13,0,0
BRDA:134,13,1,0
BRDA:137,14,0,0
BRDA:137,14,1,0
BRDA:147,15,0,0
BRDA:148,16,0,0
BRDA:148,17,0,1
BRDA:149,18,0,2
BRDA:149,18,1,0
BRDA:153,19,0,2
BRDA:153,19,1,0
BRDA:154,20,0,1
BRDA:154,20,1,1
BRDA:154,21,0,2
BRDA:154,21,1,1
BRDA:156,22,0,0
BRDA:156,22,1,1
BRDA:163,23,0,1
BRDA:163,23,1,1
BRDA:166,24,0,0
BRDA:166,24,1,2
BRDA:232,25,0,0
BRDA:232,25,1,0
BRDA:232,26,0,0
BRDA:232,26,1,0
BRDA:242,27,0,0
BRDA:242,27,1,0
BRDA:242,28,0,0
BRDA:242,28,1,0
BRDA:243,29,0,0
BRDA:243,29,1,0
BRDA:248,30,0,0
BRDA:248,30,1,0
BRDA:275,31,0,0
BRDA:275,31,1,0
BRDA:286,32,0,0
BRDA:286,32,1,0
BRDA:306,33,0,0
BRDA:306,33,1,0
BRDA:318,34,0,0
BRDA:318,34,1,0
BRDA:318,35,0,0
BRDA:318,35,1,0
BRDA:325,36,0,0
BRDA:325,36,1,0
BRDA:333,37,0,0
BRDA:333,37,1,0
BRDA:355,38,0,0
BRDA:355,38,1,0
BRDA:361,39,0,0
BRDA:361,39,1,0
BRDA:371,40,0,0
BRDA:371,40,1,0
BRDA:371,41,0,0
BRDA:371,41,1,0
BRDA:371,41,2,0
BRDA:373,42,0,0
BRDA:373,42,1,0
BRDA:383,43,0,0
BRDA:383,43,1,0
BRDA:394,44,0,0
BRDA:394,44,1,0
BRDA:401,45,0,0
BRDA:401,45,1,0
BRDA:403,46,0,0
BRDA:403,46,1,0
BRDA:410,47,0,0
BRDA:410,47,1,0
BRDA:420,48,0,0
BRDA:420,48,1,0
BRDA:422,49,0,0
BRDA:422,49,1,0
BRDA:429,50,0,0
BRDA:429,50,1,0
BRDA:430,51,0,0
BRDA:430,51,1,0
BRDA:430,52,0,0
BRDA:430,52,1,0
BRDA:441,53,0,0
BRDA:441,53,1,0
BRDA:450,54,0,0
BRDA:450,54,1,0
BRDA:459,55,0,0
BRDA:459,55,1,0
BRDA:461,56,0,0
BRDA:461,56,1,0
BRDA:487,57,0,0
BRDA:487,57,1,0
BRDA:499,58,0,0
BRDA:499,58,1,0
BRDA:509,59,0,0
BRDA:509,59,1,0
BRDA:518,60,0,0
BRDA:518,60,1,0
BRDA:518,61,0,0
BRDA:518,61,1,0
BRDA:518,61,2,0
BRDA:522,62,0,0
BRDA:522,62,1,0
BRDA:588,63,0,0
BRDA:588,63,1,0
BRDA:588,64,0,0
BRDA:588,64,1,0
BRDA:593,65,0,0
BRDA:593,65,1,0
BRDA:593,65,2,0
BRDA:593,65,3,0
BRDA:598,66,0,0
BRDA:598,66,1,0
BRDA:600,67,0,0
BRDA:600,67,1,0
BRDA:602,68,0,0
BRDA:602,68,1,0
BRDA:602,69,0,0
BRDA:602,69,1,0
BRDA:605,70,0,0
BRDA:605,70,1,0
BRDA:636,71,0,0
BRDA:636,71,1,5
BRDA:639,72,0,5
BRDA:639,72,1,5
BRDA:646,73,0,0
BRDA:646,73,1,0
BRDA:648,74,0,0
BRDA:648,74,1,0
BRDA:651,75,0,0
BRDA:651,75,1,0
BRDA:651,76,0,0
BRDA:651,76,1,0
BRDA:654,77,0,0
BRDA:654,77,1,0
BRDA:676,78,0,0
BRDA:676,78,1,1
BRDA:678,79,0,1
BRDA:678,79,1,0
BRDA:695,80,0,1
BRDA:695,80,1,0
BRDA:700,81,0,1
BRDA:700,81,1,0
BRDA:703,82,0,1
BRDA:703,82,1,0
BRDA:703,83,0,1
BRDA:703,83,1,1
BRDA:703,83,2,1
BRDA:711,84,0,1
BRDA:711,84,1,0
BRDA:716,85,0,0
BRDA:716,85,1,1
BRDA:723,86,0,1
BRDA:723,86,1,0
BRDA:728,87,0,1
BRDA:728,87,1,0
BRDA:736,88,0,1
BRDA:736,88,1,1
BRDA:767,89,0,0
BRDA:767,89,1,0
BRDA:773,90,0,0
BRDA:773,90,1,0
BRDA:773,91,0,0
BRDA:773,91,1,0
BRDA:779,92,0,0
BRDA:779,92,1,0
BRDA:784,93,0,0
BRDA:784,93,1,0
BRDA:784,94,0,0
BRDA:784,94,1,0
BRDA:805,95,0,0
BRDA:805,95,1,0
BRDA:805,96,0,0
BRDA:805,96,1,0
BRDA:819,97,0,0
BRDA:819,97,1,0
BRDA:820,98,0,0
BRDA:820,98,1,0
BRDA:822,99,0,0
BRDA:822,99,1,0
BRDA:828,100,0,0
BRDA:828,100,1,0
BRDA:833,101,0,0
BRDA:833,101,1,0
BRDA:836,102,0,0
BRDA:836,102,1,0
BRDA:839,103,0,0
BRDA:839,103,1,0
BRDA:839,104,0,0
BRDA:839,104,1,0
BRDA:839,104,2,0
BRDA:857,105,0,0
BRDA:857,105,1,0
BRDA:859,106,0,0
BRDA:859,106,1,0
BRDA:874,107,0,0
BRDA:874,107,1,0
BRDA:879,108,0,0
BRDA:879,108,1,0
BRDA:879,108,2,0
BRDA:881,109,0,0
BRDA:881,109,1,0
BRDA:893,110,0,0
BRDA:893,110,1,0
BRDA:899,111,0,0
BRDA:899,111,1,0
BRDA:899,111,2,0
BRDA:899,111,3,0
BRDA:904,112,0,0
BRDA:904,112,1,0
BRDA:904,112,2,0
BRDA:908,113,0,0
BRDA:908,113,1,0
BRDA:915,114,0,0
BRDA:915,114,1,0
BRDA:933,115,0,0
BRDA:933,115,1,0
BRDA:933,116,0,0
BRDA:933,116,1,0
BRDA:941,117,0,0
BRDA:941,117,1,0
BRDA:952,118,0,0
BRDA:952,118,1,0
BRDA:952,119,0,0
BRDA:952,119,1,0
BRDA:957,120,0,0
BRDA:957,120,1,0
BRDA:966,121,0,0
BRDA:966,121,1,0
BRDA:966,122,0,0
BRDA:966,122,1,0
BRDA:966,122,2,0
BRDA:968,123,0,0
BRDA:968,123,1,0
BRDA:985,124,0,0
BRDA:985,124,1,0
BRDA:1005,125,0,0
BRDA:1005,125,1,0
BRDA:1005,126,0,0
BRDA:1005,126,1,0
BRDA:1005,126,2,0
BRDA:1048,127,0,0
BRDA:1048,127,1,0
BRDA:1050,128,0,0
BRDA:1050,128,1,0
BRDA:1071,129,0,0
BRDA:1071,129,1,0
BRDA:1075,130,0,0
BRDA:1075,130,1,0
BRDA:1080,131,0,0
BRDA:1080,131,1,0
BRDA:1084,132,0,0
BRDA:1084,132,1,0
BRDA:1089,133,0,0
BRDA:1089,133,1,0
BRDA:1092,134,0,0
BRDA:1092,134,1,0
BRDA:1093,135,0,0
BRDA:1093,135,1,0
BRDA:1104,136,0,0
BRDA:1104,136,1,0
BRDA:1104,137,0,0
BRDA:1104,137,1,0
BRDA:1126,138,0,0
BRDA:1126,138,1,0
BRDA:1126,139,0,0
BRDA:1126,139,1,0
BRDA:1126,139,2,0
BRDA:1131,140,0,0
BRDA:1131,140,1,0
BRDA:1147,141,0,0
BRDA:1147,141,1,0
BRDA:1148,142,0,0
BRDA:1148,142,1,0
BRDA:1149,143,0,0
BRDA:1149,143,1,0
BRDA:1150,144,0,0
BRDA:1150,144,1,0
BRDA:1170,145,0,0
BRDA:1170,145,1,0
BRDA:1175,146,0,0
BRDA:1175,146,1,0
BRDA:1184,147,0,4
BRDA:1184,147,1,0
BRDA:1184,148,0,4
BRDA:1184,148,1,4
BRF:308
BRH:40
end_of_record
TN:
SF:src/lib/config.js
FNF:0
FNH:0
DA:2,4
DA:61,4
DA:66,4
DA:67,4
DA:68,4
DA:69,4
DA:71,4
DA:72,4
DA:73,4
DA:74,0
DA:83,0
DA:86,4
LF:12
LH:10
BRDA:68,0,0,4
BRDA:68,0,1,0
BRDA:68,1,0,4
BRDA:68,1,1,4
BRDA:73,2,0,0
BRDA:73,2,1,4
BRDA:73,3,0,4
BRDA:73,3,1,0
BRDA:74,4,0,0
BRDA:74,4,1,0
BRF:10
BRH:5
end_of_record
TN:
SF:src/lib/logger.js
FN:8,(anonymous_0)
FN:8,(anonymous_1)
FN:21,(anonymous_2)
FN:21,(anonymous_3)
FN:27,(anonymous_4)
FN:27,(anonymous_5)
FN:35,shouldIgnoreLog
FN:37,(anonymous_7)
FN:52,(anonymous_8)
FN:57,(anonymous_9)
FN:62,(anonymous_10)
FN:67,(anonymous_11)
FN:72,(anonymous_12)
FNF:13
FNH:1
FNDA:0,(anonymous_0)
FNDA:0,(anonymous_1)
FNDA:0,(anonymous_2)
FNDA:0,(anonymous_3)
FNDA:0,(anonymous_4)
FNDA:0,(anonymous_5)
FNDA:0,shouldIgnoreLog
FNDA:0,(anonymous_7)
FNDA:4,(anonymous_8)
FNDA:0,(anonymous_9)
FNDA:0,(anonymous_10)
FNDA:0,(anonymous_11)
FNDA:0,(anonymous_12)
DA:2,4
DA:5,4
DA:8,0
DA:9,0
DA:21,0
DA:22,0
DA:27,0
DA:28,0
DA:36,0
DA:37,0
DA:39,0
DA:43,4
DA:52,4
DA:53,4
DA:54,0
DA:57,4
DA:58,0
DA:59,0
DA:62,4
DA:63,0
DA:64,0
DA:67,4
DA:68,0
DA:69,0
DA:72,4
DA:73,0
DA:74,0
DA:78,4
DA:86,4
LF:29
LH:11
BRDA:9,0,0,0
BRDA:9,0,1,0
BRDA:9,0,2,0
BRDA:9,0,3,0
BRDA:9,0,4,0
BRDA:9,0,5,0
BRDA:9,0,6,0
BRDA:22,1,0,0
BRDA:22,1,1,0
BRDA:28,2,0,0
BRDA:28,2,1,0
BRDA:36,3,0,0
BRDA:36,3,1,0
BRDA:36,4,0,0
BRDA:36,4,1,0
BRDA:53,5,0,4
BRDA:53,5,1,0
BRDA:58,6,0,0
BRDA:58,6,1,0
BRDA:63,7,0,0
BRDA:63,7,1,0
BRDA:63,8,0,0
BRDA:63,8,1,0
BRDA:68,9,0,0
BRDA:68,9,1,0
BRDA:73,10,0,0
BRDA:73,10,1,0
BRF:27
BRH:1
end_of_record
TN:
SF:src/lib/sidebarManager.js
FN:1,collectButtonRefs
FN:7,(anonymous_1)
FN:16,computeOrderedButtons
FN:20,(anonymous_3)
FN:29,(anonymous_4)
FN:42,applySidebarState
FN:50,(anonymous_6)
FN:65,(anonymous_7)
FN:73,(anonymous_8)
FN:80,(anonymous_9)
FNF:10
FNH:3
FNDA:0,collectButtonRefs
FNDA:0,(anonymous_1)
FNDA:1,computeOrderedButtons
FNDA:3,(anonymous_3)
FNDA:3,(anonymous_4)
FNDA:0,applySidebarState
FNDA:0,(anonymous_6)
FNDA:0,(anonymous_7)
FNDA:0,(anonymous_8)
FNDA:0,(anonymous_9)
DA:2,0
DA:3,0
DA:4,0
DA:7,0
DA:8,0
DA:9,0
DA:10,0
DA:13,0
DA:17,1
DA:18,1
DA:20,1
DA:21,3
DA:22,3
DA:23,3
DA:24,2
DA:29,1
DA:30,3
DA:35,0
DA:39,1
DA:43,0
DA:44,0
DA:47,0
DA:50,0
DA:51,0
DA:52,0
DA:57,0
DA:58,0
DA:59,0
DA:60,0
DA:63,0
DA:65,0
DA:66,0
DA:67,0
DA:68,0
DA:73,0
DA:74,0
DA:75,0
DA:76,0
DA:80,0
DA:83,5
LF:40
LH:11
BRDA:3,0,0,0
BRDA:3,0,1,0
BRDA:9,1,0,0
BRDA:9,1,1,0
BRDA:18,2,0,0
BRDA:18,2,1,1
BRDA:18,3,0,1
BRDA:18,3,1,1
BRDA:23,4,0,2
BRDA:23,4,1,1
BRDA:23,5,0,3
BRDA:23,5,1,3
BRDA:23,5,2,2
BRDA:30,6,0,0
BRDA:30,6,1,3
BRDA:31,7,0,3
BRDA:31,7,1,3
BRDA:31,7,2,2
BRDA:43,8,0,0
BRDA:43,8,1,0
BRDA:43,9,0,0
BRDA:43,9,1,0
BRDA:43,9,2,0
BRDA:51,10,0,0
BRDA:51,10,1,0
BRDA:57,11,0,0
BRDA:57,11,1,0
BRDA:59,12,0,0
BRDA:59,12,1,0
BRDA:67,13,0,0
BRDA:67,13,1,0
BRDA:75,14,0,0
BRDA:75,14,1,0
BRDA:75,15,0,0
BRDA:75,15,1,0
BRF:35
BRH:12
end_of_record
TN:
SF:src/lib/theme.js
FN:1,resolveThemeClass
FN:7,applyThemeToDocument
FNF:2
FNH:1
FNDA:4,resolveThemeClass
FNDA:0,applyThemeToDocument
DA:2,4
DA:3,3
DA:4,2
DA:8,0
DA:9,0
DA:11,0
DA:19,0
DA:20,0
DA:21,0
DA:24,5
LF:10
LH:4
BRDA:1,0,0,0
BRDA:2,1,0,1
BRDA:2,1,1,3
BRDA:3,2,0,1
BRDA:3,2,1,2
BRDA:4,3,0,1
BRDA:4,3,1,1
BRDA:8,4,0,0
BRDA:8,4,1,0
BRDA:8,5,0,0
BRDA:8,5,1,0
BRDA:13,6,0,0
BRDA:13,6,1,0
BRDA:15,7,0,0
BRDA:15,7,1,0
BRDA:15,7,2,0
BRF:16
BRH:6
end_of_record
TN:
SF:src/lib/windowStateManager.js
FN:10,(anonymous_0)
FN:24,(anonymous_1)
FN:39,(anonymous_2)
FN:71,(anonymous_3)
FN:80,(anonymous_4)
FN:102,(anonymous_5)
FN:138,(anonymous_6)
FN:153,(anonymous_7)
FNF:8
FNH:6
FNDA:18,(anonymous_0)
FNDA:4,(anonymous_1)
FNDA:4,(anonymous_2)
FNDA:0,(anonymous_3)
FNDA:9,(anonymous_4)
FNDA:3,(anonymous_5)
FNDA:0,(anonymous_6)
FNDA:3,(anonymous_7)
DA:1,2
DA:2,2
DA:3,2
DA:4,2
DA:5,2
DA:6,2
DA:7,2
DA:11,18
DA:12,2
DA:15,16
DA:16,16
DA:17,16
DA:18,16
DA:25,4
DA:26,4
DA:28,0
DA:29,0
DA:31,0
DA:40,4
DA:41,4
DA:42,4
DA:43,3
DA:45,3
DA:46,0
DA:47,0
DA:50,3
DA:53,3
DA:54,3
DA:57,0
DA:58,0
DA:60,0
DA:62,0
DA:65,0
DA:66,0
DA:67,0
DA:71,0
DA:74,0
DA:81,9
DA:84,8
DA:85,8
DA:86,26
DA:87,2
DA:92,6
DA:93,0
DA:96,6
DA:103,3
DA:104,1
DA:105,1
DA:108,2
DA:118,2
DA:119,0
DA:120,0
DA:123,2
DA:124,2
DA:126,2
DA:127,2
DA:128,2
DA:133,2
DA:135,0
DA:136,0
DA:138,0
DA:142,0
DA:144,0
DA:147,0
DA:154,3
DA:155,3
DA:157,3
DA:166,3
DA:171,2
DA:172,2
DA:175,3
DA:179,2
LF:72
LH:49
BRDA:11,0,0,2
BRDA:11,0,1,16
BRDA:11,1,0,18
BRDA:11,1,1,17
BRDA:28,2,0,0
BRDA:28,2,1,0
BRDA:45,3,0,0
BRDA:45,3,1,3
BRDA:53,4,0,3
BRDA:53,4,1,0
BRDA:60,5,0,0
BRDA:60,5,1,0
BRDA:65,6,0,0
BRDA:65,6,1,0
BRDA:81,7,0,1
BRDA:81,7,1,8
BRDA:81,8,0,9
BRDA:81,8,1,8
BRDA:86,9,0,2
BRDA:86,9,1,24
BRDA:86,10,0,26
BRDA:86,10,1,24
BRDA:86,10,2,24
BRDA:92,11,0,0
BRDA:92,11,1,6
BRDA:92,12,0,6
BRDA:92,12,1,6
BRDA:103,13,0,1
BRDA:103,13,1,2
BRDA:103,14,0,3
BRDA:103,14,1,2
BRDA:118,15,0,0
BRDA:118,15,1,2
BRDA:135,16,0,0
BRDA:135,16,1,0
BRDA:153,17,0,3
BRDA:158,18,0,2
BRDA:158,18,1,1
BRDA:158,19,0,3
BRDA:158,19,1,2
BRDA:159,20,0,2
BRDA:159,20,1,1
BRDA:159,21,0,3
BRDA:159,21,1,2
BRDA:166,22,0,2
BRDA:166,22,1,1
BRDA:166,23,0,3
BRDA:166,23,1,2
BRDA:166,23,2,2
BRDA:166,23,3,2
BRDA:166,23,4,2
BRF:51
BRH:39
end_of_record
TN:
SF:src/modules/state/appState.js
FN:8,buildDefaultAppsState
FN:9,(anonymous_1)
FN:33,isNotificationsEnabled
FN:37,loadAppState
FN:58,(anonymous_4)
FN:74,saveAppState
FN:84,resetAppState
FN:94,(anonymous_7)
FN:95,(anonymous_8)
FNF:9
FNH:8
FNDA:1,buildDefaultAppsState
FNDA:3,(anonymous_1)
FNDA:3,isNotificationsEnabled
FNDA:2,loadAppState
FNDA:0,(anonymous_4)
FNDA:17,saveAppState
FNDA:12,resetAppState
FNDA:8,(anonymous_7)
FNDA:4,(anonymous_8)
DA:1,1
DA:2,1
DA:3,1
DA:5,1
DA:6,1
DA:9,1
DA:10,3
DA:11,3
DA:15,1
DA:31,1
DA:34,3
DA:38,2
DA:39,2
DA:40,2
DA:41,1
DA:44,0
DA:58,0
DA:59,0
DA:60,0
DA:64,0
DA:67,1
DA:69,1
DA:71,2
DA:75,17
DA:76,17
DA:78,17
DA:80,0
DA:85,12
DA:86,12
DA:87,12
DA:91,1
DA:93,1
DA:94,8
DA:96,4
DA:97,4
DA:99,0
DA:101,4
DA:102,4
LF:38
LH:31
BRDA:40,0,0,1
BRDA:40,0,1,1
BRDA:49,1,0,0
BRDA:49,1,1,0
BRDA:53,2,0,0
BRDA:53,2,1,0
BRDA:59,3,0,0
BRDA:59,3,1,0
BRDA:96,4,0,4
BRDA:96,4,1,0
BRF:10
BRH:3
end_of_record
TN:
SF:src/modules/state/unreadState.js
FN:11,(anonymous_0)
FN:19,updateUnreadSummary
FN:22,(anonymous_2)
FN:25,(anonymous_3)
FN:60,sendNativeNotification
FN:76,(anonymous_5)
FN:85,saveUnreadState
FN:93,restoreUnreadState
FN:99,(anonymous_8)
FN:111,updateTabBadge
FN:131,updateSidebarBadge
FN:150,setTabUnread
FN:177,resetUnreadState
FN:178,(anonymous_13)
FN:191,(anonymous_14)
FNF:15
FNH:0
FNDA:0,(anonymous_0)
FNDA:0,updateUnreadSummary
FNDA:0,(anonymous_2)
FNDA:0,(anonymous_3)
FNDA:0,sendNativeNotification
FNDA:0,(anonymous_5)
FNDA:0,saveUnreadState
FNDA:0,restoreUnreadState
FNDA:0,(anonymous_8)
FNDA:0,updateTabBadge
FNDA:0,updateSidebarBadge
FNDA:0,setTabUnread
FNDA:0,resetUnreadState
FNDA:0,(anonymous_13)
FNDA:0,(anonymous_14)
DA:1,0
DA:2,0
DA:3,0
DA:4,0
DA:6,0
DA:7,0
DA:8,0
DA:11,0
DA:12,0
DA:13,0
DA:16,0
DA:17,0
DA:20,0
DA:21,0
DA:22,0
DA:24,0
DA:25,0
DA:28,0
DA:29,0
DA:30,0
DA:37,0
DA:45,0
DA:46,0
DA:47,0
DA:48,0
DA:51,0
DA:54,0
DA:56,0
DA:61,0
DA:62,0
DA:63,0
DA:66,0
DA:68,0
DA:69,0
DA:76,0
DA:77,0
DA:78,0
DA:81,0
DA:86,0
DA:87,0
DA:89,0
DA:94,0
DA:95,0
DA:96,0
DA:97,0
DA:99,0
DA:100,0
DA:101,0
DA:104,0
DA:107,0
DA:112,0
DA:114,0
DA:115,0
DA:116,0
DA:117,0
DA:118,0
DA:119,0
DA:120,0
DA:121,0
DA:122,0
DA:124,0
DA:126,0
DA:127,0
DA:132,0
DA:134,0
DA:135,0
DA:136,0
DA:137,0
DA:138,0
DA:139,0
DA:140,0
DA:141,0
DA:143,0
DA:145,0
DA:146,0
DA:151,0
DA:152,0
DA:153,0
DA:156,0
DA:157,0
DA:160,0
DA:162,0
DA:165,0
DA:166,0
DA:168,0
DA:169,0
DA:172,0
DA:173,0
DA:178,0
DA:179,0
DA:181,0
DA:182,0
DA:186,0
DA:188,0
DA:191,0
LF:95
LH:0
BRDA:22,0,0,0
BRDA:22,0,1,0
BRDA:29,1,0,0
BRDA:29,1,1,0
BRDA:45,2,0,0
BRDA:45,2,1,0
BRDA:45,3,0,0
BRDA:45,3,1,0
BRDA:46,4,0,0
BRDA:46,4,1,0
BRDA:62,5,0,0
BRDA:62,5,1,0
BRDA:70,6,0,0
BRDA:70,6,1,0
BRDA:71,7,0,0
BRDA:71,7,1,0
BRDA:96,8,0,0
BRDA:96,8,1,0
BRDA:100,9,0,0
BRDA:100,9,1,0
BRDA:112,10,0,0
BRDA:112,10,1,0
BRDA:115,11,0,0
BRDA:115,11,1,0
BRDA:116,12,0,0
BRDA:116,12,1,0
BRDA:117,13,0,0
BRDA:117,13,1,0
BRDA:122,14,0,0
BRDA:122,14,1,0
BRDA:126,15,0,0
BRDA:126,15,1,0
BRDA:132,16,0,0
BRDA:132,16,1,0
BRDA:135,17,0,0
BRDA:135,17,1,0
BRDA:136,18,0,0
BRDA:136,18,1,0
BRDA:137,19,0,0
BRDA:137,19,1,0
BRDA:145,20,0,0
BRDA:145,20,1,0
BRDA:150,21,0,0
BRDA:151,22,0,0
BRDA:151,22,1,0
BRDA:156,23,0,0
BRDA:156,23,1,0
BRDA:157,24,0,0
BRDA:157,24,1,0
BRDA:160,25,0,0
BRDA:160,25,1,0
BRDA:172,26,0,0
BRDA:172,26,1,0
BRF:53
BRH:0
end_of_record
TN:
SF:src/modules/ui/settings.js
FN:6,(anonymous_0)
FN:18,(anonymous_1)
FN:21,(anonymous_2)
FN:27,(anonymous_3)
FN:32,(anonymous_4)
FN:50,(anonymous_5)
FN:55,(anonymous_6)
FN:62,(anonymous_7)
FN:75,(anonymous_8)
FN:77,(anonymous_9)
FN:85,(anonymous_10)
FN:94,(anonymous_11)
FN:99,(anonymous_12)
FN:120,(anonymous_13)
FN:130,(anonymous_14)
FN:157,(anonymous_15)
FN:188,(anonymous_16)
FNF:17
FNH:0
FNDA:0,(anonymous_0)
FNDA:0,(anonymous_1)
FNDA:0,(anonymous_2)
FNDA:0,(anonymous_3)
FNDA:0,(anonymous_4)
FNDA:0,(anonymous_5)
FNDA:0,(anonymous_6)
FNDA:0,(anonymous_7)
FNDA:0,(anonymous_8)
FNDA:0,(anonymous_9)
FNDA:0,(anonymous_10)
FNDA:0,(anonymous_11)
FNDA:0,(anonymous_12)
FNDA:0,(anonymous_13)
FNDA:0,(anonymous_14)
FNDA:0,(anonymous_15)
FNDA:0,(anonymous_16)
DA:1,0
DA:2,0
DA:3,0
DA:7,0
DA:8,0
DA:9,0
DA:10,0
DA:11,0
DA:12,0
DA:13,0
DA:15,0
DA:20,0
DA:21,0
DA:23,0
DA:27,0
DA:28,0
DA:34,0
DA:35,0
DA:36,0
DA:37,0
DA:38,0
DA:39,0
DA:40,0
DA:41,0
DA:44,0
DA:47,0
DA:51,0
DA:54,0
DA:55,0
DA:56,0
DA:61,0
DA:62,0
DA:63,0
DA:68,0
DA:75,0
DA:76,0
DA:77,0
DA:78,0
DA:84,0
DA:85,0
DA:86,0
DA:87,0
DA:88,0
DA:95,0
DA:96,0
DA:100,0
DA:103,0
DA:104,0
DA:108,0
DA:109,0
DA:113,0
DA:120,0
DA:121,0
DA:122,0
DA:127,0
DA:131,0
DA:133,0
DA:140,0
DA:141,0
DA:145,0
DA:146,0
DA:149,0
DA:150,0
DA:152,0
DA:153,0
DA:158,0
DA:160,0
DA:170,0
DA:175,0
DA:178,0
DA:180,0
DA:181,0
DA:183,0
DA:184,0
DA:190,0
DA:193,0
DA:196,0
DA:201,0
DA:202,0
LF:79
LH:0
BRDA:20,0,0,0
BRDA:20,0,1,0
BRDA:51,1,0,0
BRDA:51,1,1,0
BRDA:54,2,0,0
BRDA:54,2,1,0
BRDA:61,3,0,0
BRDA:61,3,1,0
BRDA:76,4,0,0
BRDA:76,4,1,0
BRDA:84,5,0,0
BRDA:84,5,1,0
BRDA:87,6,0,0
BRDA:87,6,1,0
BRDA:100,7,0,0
BRDA:100,7,1,0
BRDA:103,8,0,0
BRDA:103,8,1,0
BRDA:104,9,0,0
BRDA:104,9,1,0
BRDA:108,10,0,0
BRDA:108,10,1,0
BRDA:109,11,0,0
BRDA:109,11,1,0
BRDA:121,12,0,0
BRDA:121,12,1,0
BRDA:140,13,0,0
BRDA:140,13,1,0
BRDA:145,14,0,0
BRDA:145,14,1,0
BRDA:145,15,0,0
BRDA:145,15,1,0
BRDA:193,16,0,0
BRDA:193,16,1,0
BRF:34
BRH:0
end_of_record
TN:
SF:src/modules/ui/sidebar.js
FN:10,createPlatformButton
FN:20,(anonymous_1)
FN:31,updateButtonStates
FN:34,(anonymous_3)
FN:40,setupSidebarDragAndDrop
FN:47,(anonymous_5)
FN:55,(anonymous_6)
FN:60,(anonymous_7)
FN:83,(anonymous_8)
FN:94,(anonymous_9)
FN:104,(anonymous_10)
FN:115,(anonymous_11)
FN:123,(anonymous_12)
FN:128,saveSidebarOrder
FN:130,(anonymous_14)
FN:132,(anonymous_15)
FN:134,(anonymous_16)
FN:140,renderSidebar
FN:151,(anonymous_18)
FN:177,(anonymous_19)
FNF:20
FNH:0
FNDA:0,createPlatformButton
FNDA:0,(anonymous_1)
FNDA:0,updateButtonStates
FNDA:0,(anonymous_3)
FNDA:0,setupSidebarDragAndDrop
FNDA:0,(anonymous_5)
FNDA:0,(anonymous_6)
FNDA:0,(anonymous_7)
FNDA:0,(anonymous_8)
FNDA:0,(anonymous_9)
FNDA:0,(anonymous_10)
FNDA:0,(anonymous_11)
FNDA:0,(anonymous_12)
FNDA:0,saveSidebarOrder
FNDA:0,(anonymous_14)
FNDA:0,(anonymous_15)
FNDA:0,(anonymous_16)
FNDA:0,renderSidebar
FNDA:0,(anonymous_18)
FNDA:0,(anonymous_19)
DA:1,0
DA:2,0
DA:3,0
DA:4,0
DA:5,0
DA:7,0
DA:8,0
DA:11,0
DA:12,0
DA:13,0
DA:14,0
DA:15,0
DA:20,0
DA:21,0
DA:22,0
DA:26,0
DA:28,0
DA:32,0
DA:34,0
DA:35,0
DA:36,0
DA:37,0
DA:41,0
DA:42,0
DA:44,0
DA:45,0
DA:47,0
DA:48,0
DA:49,0
DA:51,0
DA:52,0
DA:55,0
DA:56,0
DA:60,0
DA:61,0
DA:62,0
DA:64,0
DA:66,0
DA:67,0
DA:70,0
DA:71,0
DA:72,0
DA:76,0
DA:77,0
DA:78,0
DA:80,0
DA:83,0
DA:84,0
DA:85,0
DA:87,0
DA:89,0
DA:90,0
DA:94,0
DA:95,0
DA:96,0
DA:97,0
DA:100,0
DA:101,0
DA:104,0
DA:105,0
DA:108,0
DA:113,0
DA:114,0
DA:115,0
DA:116,0
DA:117,0
DA:120,0
DA:123,0
DA:124,0
DA:129,0
DA:130,0
DA:132,0
DA:135,0
DA:141,0
DA:142,0
DA:145,0
DA:148,0
DA:151,0
DA:152,0
DA:153,0
DA:154,0
DA:155,0
DA:161,0
DA:164,0
DA:168,0
DA:169,0
DA:171,0
DA:174,0
DA:177,0
LF:89
LH:0
BRDA:45,0,0,0
BRDA:45,0,1,0
BRDA:49,1,0,0
BRDA:49,1,1,0
BRDA:64,2,0,0
BRDA:64,2,1,0
BRDA:67,3,0,0
BRDA:67,3,1,0
BRDA:67,4,0,0
BRDA:67,4,1,0
BRDA:70,5,0,0
BRDA:70,5,1,0
BRDA:80,6,0,0
BRDA:80,6,1,0
BRDA:84,7,0,0
BRDA:84,7,1,0
BRDA:95,8,0,0
BRDA:95,8,1,0
BRDA:100,9,0,0
BRDA:100,9,1,0
BRDA:116,10,0,0
BRDA:116,10,1,0
BRDA:142,11,0,0
BRDA:142,11,1,0
BRDA:152,12,0,0
BRDA:152,12,1,0
BRDA:154,13,0,0
BRDA:154,13,1,0
BRDA:168,14,0,0
BRDA:168,14,1,0
BRF:30
BRH:0
end_of_record
TN:
SF:src/modules/ui/tabs.js
FN:10,createPlatformTab
FN:43,setupTabEventListeners
FN:49,(anonymous_2)
FN:53,(anonymous_3)
FN:66,(anonymous_4)
FN:75,(anonymous_5)
FN:80,(anonymous_6)
FN:84,(anonymous_7)
FN:92,updateUnreadFromTitle
FN:108,showTab
FN:110,(anonymous_10)
FN:129,(anonymous_11)
FN:142,createTabsContainer
FN:147,(anonymous_13)
FN:158,initializeTabs
FN:172,setupKeyboardShortcuts
FN:173,(anonymous_16)
FN:212,(anonymous_17)
FN:216,(anonymous_18)
FNF:19
FNH:0
FNDA:0,createPlatformTab
FNDA:0,setupTabEventListeners
FNDA:0,(anonymous_2)
FNDA:0,(anonymous_3)
FNDA:0,(anonymous_4)
FNDA:0,(anonymous_5)
FNDA:0,(anonymous_6)
FNDA:0,(anonymous_7)
FNDA:0,updateUnreadFromTitle
FNDA:0,showTab
FNDA:0,(anonymous_10)
FNDA:0,(anonymous_11)
FNDA:0,createTabsContainer
FNDA:0,(anonymous_13)
FNDA:0,initializeTabs
FNDA:0,setupKeyboardShortcuts
FNDA:0,(anonymous_16)
FNDA:0,(anonymous_17)
FNDA:0,(anonymous_18)
DA:1,0
DA:2,0
DA:3,0
DA:4,0
DA:5,0
DA:7,0
DA:8,0
DA:11,0
DA:12,0
DA:13,0
DA:14,0
DA:35,0
DA:38,0
DA:40,0
DA:44,0
DA:45,0
DA:46,0
DA:49,0
DA:50,0
DA:53,0
DA:54,0
DA:57,0
DA:58,0
DA:62,0
DA:66,0
DA:67,0
DA:68,0
DA:69,0
DA:70,0
DA:75,0
DA:76,0
DA:80,0
DA:81,0
DA:84,0
DA:85,0
DA:86,0
DA:87,0
DA:93,0
DA:94,0
DA:95,0
DA:98,0
DA:99,0
DA:102,0
DA:104,0
DA:110,0
DA:111,0
DA:115,0
DA:116,0
DA:117,0
DA:120,0
DA:121,0
DA:122,0
DA:125,0
DA:129,0
DA:130,0
DA:134,0
DA:143,0
DA:144,0
DA:147,0
DA:148,0
DA:149,0
DA:150,0
DA:151,0
DA:155,0
DA:159,0
DA:160,0
DA:161,0
DA:164,0
DA:165,0
DA:166,0
DA:169,0
DA:173,0
DA:175,0
DA:177,0
DA:178,0
DA:179,0
DA:181,0
DA:182,0
DA:183,0
DA:184,0
DA:185,0
DA:186,0
DA:187,0
DA:188,0
DA:189,0
DA:190,0
DA:191,0
DA:192,0
DA:194,0
DA:195,0
DA:196,0
DA:197,0
DA:203,0
DA:204,0
DA:206,0
DA:210,0
DA:213,0
DA:214,0
DA:217,0
DA:218,0
DA:219,0
DA:220,0
LF:102
LH:0
BRDA:57,0,0,0
BRDA:57,0,1,0
BRDA:68,1,0,0
BRDA:68,1,1,0
BRDA:81,2,0,0
BRDA:81,2,1,0
BRDA:86,3,0,0
BRDA:86,3,1,0
BRDA:95,4,0,0
BRDA:95,4,1,0
BRDA:99,5,0,0
BRDA:99,5,1,0
BRDA:116,6,0,0
BRDA:116,6,1,0
BRDA:121,7,0,0
BRDA:121,7,1,0
BRDA:149,8,0,0
BRDA:149,8,1,0
BRDA:159,9,0,0
BRDA:159,9,1,0
BRDA:165,10,0,0
BRDA:165,10,1,0
BRDA:175,11,0,0
BRDA:175,11,1,0
BRDA:181,12,0,0
BRDA:181,12,1,0
BRDA:181,13,0,0
BRDA:181,13,1,0
BRDA:185,14,0,0
BRDA:185,14,1,0
BRDA:185,15,0,0
BRDA:185,15,1,0
BRDA:189,16,0,0
BRDA:189,16,1,0
BRDA:189,17,0,0
BRDA:189,17,1,0
BRDA:191,18,0,0
BRDA:191,18,1,0
BRDA:194,19,0,0
BRDA:194,19,1,0
BRDA:194,20,0,0
BRDA:194,20,1,0
BRDA:197,21,0,0
BRDA:197,21,1,0
BRDA:203,22,0,0
BRDA:203,22,1,0
BRDA:214,23,0,0
BRDA:214,23,1,0
BRDA:218,24,0,0
BRDA:218,24,1,0
BRDA:220,25,0,0
BRDA:220,25,1,0
BRF:52
BRH:0
end_of_record
TN:
SF:src/modules/webviews/webviewManager.js
FN:6,(anonymous_0)
FN:12,(anonymous_1)
FN:20,(anonymous_2)
FN:40,(anonymous_3)
FN:44,(anonymous_4)
FN:49,(anonymous_5)
FN:60,(anonymous_6)
FN:70,(anonymous_7)
FN:79,(anonymous_8)
FN:87,(anonymous_9)
FN:92,(anonymous_10)
FN:101,(anonymous_11)
FN:105,(anonymous_12)
FN:110,(anonymous_13)
FN:122,(anonymous_14)
FN:124,(anonymous_15)
FN:129,(anonymous_16)
FN:134,(anonymous_17)
FN:140,(anonymous_18)
FN:144,(anonymous_19)
FN:148,(anonymous_20)
FN:158,(anonymous_21)
FN:172,(anonymous_22)
FN:181,(anonymous_23)
FN:190,(anonymous_24)
FN:200,(anonymous_25)
FN:208,(anonymous_26)
FN:211,(anonymous_27)
FN:217,(anonymous_28)
FNF:29
FNH:0
FNDA:0,(anonymous_0)
FNDA:0,(anonymous_1)
FNDA:0,(anonymous_2)
FNDA:0,(anonymous_3)
FNDA:0,(anonymous_4)
FNDA:0,(anonymous_5)
FNDA:0,(anonymous_6)
FNDA:0,(anonymous_7)
FNDA:0,(anonymous_8)
FNDA:0,(anonymous_9)
FNDA:0,(anonymous_10)
FNDA:0,(anonymous_11)
FNDA:0,(anonymous_12)
FNDA:0,(anonymous_13)
FNDA:0,(anonymous_14)
FNDA:0,(anonymous_15)
FNDA:0,(anonymous_16)
FNDA:0,(anonymous_17)
FNDA:0,(anonymous_18)
FNDA:0,(anonymous_19)
FNDA:0,(anonymous_20)
FNDA:0,(anonymous_21)
FNDA:0,(anonymous_22)
FNDA:0,(anonymous_23)
FNDA:0,(anonymous_24)
FNDA:0,(anonymous_25)
FNDA:0,(anonymous_26)
FNDA:0,(anonymous_27)
FNDA:0,(anonymous_28)
DA:1,0
DA:2,0
DA:3,0
DA:7,0
DA:8,0
DA:9,0
DA:14,0
DA:17,0
DA:21,0
DA:24,0
DA:25,0
DA:26,0
DA:27,0
DA:28,0
DA:29,0
DA:32,0
DA:35,0
DA:37,0
DA:41,0
DA:44,0
DA:45,0
DA:48,0
DA:49,0
DA:50,0
DA:55,0
DA:56,0
DA:61,0
DA:66,0
DA:70,0
DA:71,0
DA:79,0
DA:80,0
DA:81,0
DA:82,0
DA:87,0
DA:88,0
DA:92,0
DA:93,0
DA:101,0
DA:102,0
DA:105,0
DA:106,0
DA:110,0
DA:111,0
DA:112,0
DA:113,0
DA:124,0
DA:125,0
DA:129,0
DA:130,0
DA:141,0
DA:145,0
DA:149,0
DA:150,0
DA:151,0
DA:152,0
DA:153,0
DA:155,0
DA:159,0
DA:160,0
DA:161,0
DA:162,0
DA:163,0
DA:165,0
DA:166,0
DA:169,0
DA:173,0
DA:174,0
DA:175,0
DA:176,0
DA:178,0
DA:182,0
DA:183,0
DA:184,0
DA:185,0
DA:187,0
DA:191,0
DA:192,0
DA:193,0
DA:194,0
DA:196,0
DA:201,0
DA:202,0
DA:204,0
DA:205,0
DA:207,0
DA:208,0
DA:212,0
DA:213,0
DA:218,0
DA:219,0
DA:220,0
DA:221,0
DA:223,0
DA:231,0
DA:234,0
LF:96
LH:0
BRDA:48,0,0,0
BRDA:48,0,1,0
BRDA:55,1,0,0
BRDA:55,1,1,0
BRDA:81,2,0,0
BRDA:81,2,1,0
BRDA:111,3,0,0
BRDA:111,3,1,0
BRDA:150,4,0,0
BRDA:150,4,1,0
BRDA:160,5,0,0
BRDA:160,5,1,0
BRDA:173,6,0,0
BRDA:173,6,1,0
BRDA:174,7,0,0
BRDA:174,7,1,0
BRDA:182,8,0,0
BRDA:182,8,1,0
BRDA:183,9,0,0
BRDA:183,9,1,0
BRDA:183,10,0,0
BRDA:183,10,1,0
BRDA:191,11,0,0
BRDA:191,11,1,0
BRDA:192,12,0,0
BRDA:192,12,1,0
BRDA:192,13,0,0
BRDA:192,13,1,0
BRDA:201,14,0,0
BRDA:201,14,1,0
BRDA:204,15,0,0
BRDA:204,15,1,0
BRDA:212,16,0,0
BRDA:212,16,1,0
BRDA:212,17,0,0
BRDA:212,17,1,0
BRDA:218,18,0,0
BRDA:218,18,1,0
BRDA:218,19,0,0
BRDA:218,19,1,0
BRF:40
BRH:0
end_of_record
