TN:
SF:src/main.js
FN:24,(anonymous_0)
FN:29,createWindow
FN:31,(anonymous_2)
FN:65,(anonymous_3)
FN:67,(anonymous_4)
FN:82,(anonymous_5)
FN:92,(anonymous_6)
FN:103,(anonymous_7)
FN:122,buildMenu
FN:125,(anonymous_9)
FN:210,(anonymous_10)
FN:222,initializeAutoUpdates
FN:236,(anonymous_12)
FN:249,(anonymous_13)
FN:251,(anonymous_14)
FN:266,(anonymous_15)
FN:278,(anonymous_16)
FN:291,(anonymous_17)
FN:298,(anonymous_18)
FN:338,scheduleAutomaticUpdateChecks
FN:342,(anonymous_20)
FN:343,(anonymous_21)
FN:349,requestUpdateCheck
FN:386,(anonymous_23)
FN:417,(anonymous_24)
FN:422,(anonymous_25)
FN:456,(anonymous_26)
FN:466,(anonymous_27)
FN:470,(anonymous_28)
FNF:29
FNH:0
FNDA:0,(anonymous_0)
FNDA:0,createWindow
FNDA:0,(anonymous_2)
FNDA:0,(anonymous_3)
FNDA:0,(anonymous_4)
FNDA:0,(anonymous_5)
FNDA:0,(anonymous_6)
FNDA:0,(anonymous_7)
FNDA:0,buildMenu
FNDA:0,(anonymous_9)
FNDA:0,(anonymous_10)
FNDA:0,initializeAutoUpdates
FNDA:0,(anonymous_12)
FNDA:0,(anonymous_13)
FNDA:0,(anonymous_14)
FNDA:0,(anonymous_15)
FNDA:0,(anonymous_16)
FNDA:0,(anonymous_17)
FNDA:0,(anonymous_18)
FNDA:0,scheduleAutomaticUpdateChecks
FNDA:0,(anonymous_20)
FNDA:0,(anonymous_21)
FNDA:0,requestUpdateCheck
FNDA:0,(anonymous_23)
FNDA:0,(anonymous_24)
FNDA:0,(anonymous_25)
FNDA:0,(anonymous_26)
FNDA:0,(anonymous_27)
FNDA:0,(anonymous_28)
DA:1,0
DA:2,0
DA:3,0
DA:7,0
DA:8,0
DA:10,0
DA:11,0
DA:15,0
DA:16,0
DA:17,0
DA:18,0
DA:22,0
DA:23,0
DA:24,0
DA:27,0
DA:31,0
DA:32,0
DA:33,0
DA:37,0
DA:47,0
DA:50,0
DA:51,0
DA:55,0
DA:56,0
DA:57,0
DA:59,0
DA:60,0
DA:65,0
DA:66,0
DA:67,0
DA:68,0
DA:69,0
DA:70,0
DA:72,0
DA:79,0
DA:80,0
DA:82,0
DA:83,0
DA:84,0
DA:85,0
DA:87,0
DA:92,0
DA:93,0
DA:94,0
DA:95,0
DA:97,0
DA:103,0
DA:104,0
DA:105,0
DA:106,0
DA:108,0
DA:114,0
DA:115,0
DA:118,0
DA:119,0
DA:123,0
DA:125,0
DA:128,0
DA:211,0
DA:218,0
DA:219,0
DA:223,0
DA:224,0
DA:225,0
DA:228,0
DA:229,0
DA:230,0
DA:233,0
DA:234,0
DA:236,0
DA:237,0
DA:238,0
DA:239,0
DA:250,0
DA:251,0
DA:252,0
DA:253,0
DA:261,0
DA:266,0
DA:267,0
DA:268,0
DA:269,0
DA:274,0
DA:278,0
DA:279,0
DA:280,0
DA:281,0
DA:292,0
DA:293,0
DA:298,0
DA:299,0
DA:302,0
DA:303,0
DA:305,0
DA:307,0
DA:308,0
DA:311,0
DA:312,0
DA:318,0
DA:319,0
DA:323,0
DA:324,0
DA:325,0
DA:331,0
DA:335,0
DA:339,0
DA:340,0
DA:342,0
DA:343,0
DA:344,0
DA:345,0
DA:350,0
DA:351,0
DA:352,0
DA:358,0
DA:361,0
DA:362,0
DA:363,0
DA:369,0
DA:372,0
DA:373,0
DA:374,0
DA:380,0
DA:383,0
DA:384,0
DA:386,0
DA:387,0
DA:390,0
DA:391,0
DA:393,0
DA:395,0
DA:396,0
DA:397,0
DA:398,0
DA:405,0
DA:412,0
DA:417,0
DA:418,0
DA:419,0
DA:420,0
DA:422,0
DA:423,0
DA:425,0
DA:427,0
DA:428,0
DA:429,0
DA:430,0
DA:432,0
DA:435,0
DA:436,0
DA:439,0
DA:444,0
DA:445,0
DA:448,0
DA:449,0
DA:456,0
DA:457,0
DA:458,0
DA:459,0
DA:461,0
DA:466,0
DA:467,0
DA:470,0
DA:471,0
DA:472,0
DA:476,0
LF:166
LH:0
BRDA:24,0,0,0
BRDA:24,0,1,0
BRDA:24,1,0,0
BRDA:24,1,1,0
BRDA:50,2,0,0
BRDA:50,2,1,0
BRDA:68,3,0,0
BRDA:68,3,1,0
BRDA:68,4,0,0
BRDA:68,4,1,0
BRDA:83,5,0,0
BRDA:83,5,1,0
BRDA:83,6,0,0
BRDA:83,6,1,0
BRDA:93,7,0,0
BRDA:93,7,1,0
BRDA:93,8,0,0
BRDA:93,8,1,0
BRDA:104,9,0,0
BRDA:104,9,1,0
BRDA:104,10,0,0
BRDA:104,10,1,0
BRDA:114,11,0,0
BRDA:114,11,1,0
BRDA:129,12,0,0
BRDA:129,12,1,0
BRDA:168,13,0,0
BRDA:168,13,1,0
BRDA:200,14,0,0
BRDA:200,14,1,0
BRDA:223,15,0,0
BRDA:223,15,1,0
BRDA:228,16,0,0
BRDA:228,16,1,0
BRDA:250,17,0,0
BRDA:250,17,1,0
BRDA:257,18,0,0
BRDA:257,18,1,0
BRDA:268,19,0,0
BRDA:268,19,1,0
BRDA:292,20,0,0
BRDA:292,20,1,0
BRDA:302,21,0,0
BRDA:302,21,1,0
BRDA:303,22,0,0
BRDA:303,22,1,0
BRDA:305,23,0,0
BRDA:305,23,1,0
BRDA:305,24,0,0
BRDA:305,24,1,0
BRDA:307,25,0,0
BRDA:307,25,1,0
BRDA:311,26,0,0
BRDA:311,26,1,0
BRDA:324,27,0,0
BRDA:324,27,1,0
BRDA:329,28,0,0
BRDA:329,28,1,0
BRDA:350,29,0,0
BRDA:350,29,1,0
BRDA:351,30,0,0
BRDA:351,30,1,0
BRDA:361,31,0,0
BRDA:361,31,1,0
BRDA:362,32,0,0
BRDA:362,32,1,0
BRDA:372,33,0,0
BRDA:372,33,1,0
BRDA:373,34,0,0
BRDA:373,34,1,0
BRDA:390,35,0,0
BRDA:390,35,1,0
BRDA:391,36,0,0
BRDA:391,36,1,0
BRDA:391,37,0,0
BRDA:391,37,1,0
BRDA:396,38,0,0
BRDA:396,38,1,0
BRDA:397,39,0,0
BRDA:397,39,1,0
BRDA:409,40,0,0
BRDA:409,40,1,0
BRDA:423,41,0,0
BRDA:423,41,1,0
BRDA:428,42,0,0
BRDA:428,42,1,0
BRDA:428,43,0,0
BRDA:428,43,1,0
BRDA:428,43,2,0
BRDA:429,44,0,0
BRDA:429,44,1,0
BRDA:430,45,0,0
BRDA:430,45,1,0
BRDA:435,46,0,0
BRDA:435,46,1,0
BRDA:435,47,0,0
BRDA:435,47,1,0
BRDA:444,48,0,0
BRDA:444,48,1,0
BRDA:444,49,0,0
BRDA:444,49,1,0
BRDA:444,49,2,0
BRDA:457,50,0,0
BRDA:457,50,1,0
BRDA:467,51,0,0
BRDA:467,51,1,0
BRF:106
BRH:0
end_of_record
TN:
SF:src/renderer.js
FN:13,(anonymous_0)
FN:18,updateUnreadSummary
FN:21,(anonymous_2)
FN:24,(anonymous_3)
FN:67,sendNativeNotification
FN:85,(anonymous_5)
FN:120,saveUnreadState
FN:128,restoreUnreadState
FN:133,(anonymous_8)
FN:144,setTabUnread
FN:168,openTab
FN:211,(anonymous_11)
FN:216,setWebviewAttributes
FN:217,(anonymous_13)
FN:226,getPlatformHost
FN:238,isInternalHost
FN:244,openExternalLink
FN:253,createPlatformButton
FN:258,(anonymous_18)
FN:269,renderSidebarButtons
FN:280,(anonymous_20)
FN:283,(anonymous_21)
FN:294,createPlatformTab
FN:313,renderPlatformTabs
FN:322,(anonymous_24)
FN:330,(anonymous_25)
FN:343,setupWebviews
FN:345,(anonymous_27)
FN:361,(anonymous_28)
FN:375,(anonymous_29)
FN:385,(anonymous_30)
FN:396,(anonymous_31)
FN:403,(anonymous_32)
FN:422,(anonymous_33)
FN:430,(anonymous_34)
FN:442,(anonymous_35)
FN:452,(anonymous_36)
FN:459,(anonymous_37)
FN:460,(anonymous_38)
FN:463,(anonymous_39)
FN:492,(anonymous_40)
FN:498,(anonymous_41)
FN:501,(anonymous_42)
FN:502,(anonymous_43)
FN:507,(anonymous_44)
FN:521,(anonymous_45)
FN:532,(anonymous_46)
FN:534,(anonymous_47)
FN:589,(anonymous_48)
FN:605,buildDefaultAppsState
FN:606,(anonymous_50)
FN:625,isNotificationsEnabled
FN:634,loadAppState
FN:655,saveAppState
FN:664,applySidebarDensity
FN:682,setupGlobalSettings
FN:688,(anonymous_56)
FN:704,(anonymous_57)
FN:716,(anonymous_58)
FN:725,(anonymous_59)
FN:731,(anonymous_60)
FN:737,(anonymous_61)
FN:750,initializeButtonRefs
FN:756,updateSidebarVisibility
FN:792,updateNotificationToggles
FN:793,(anonymous_65)
FN:805,setupAppToggles
FN:807,(anonymous_67)
FN:820,(anonymous_68)
FN:847,(anonymous_69)
FN:865,saveSidebarOrder
FN:875,(anonymous_71)
FN:876,(anonymous_72)
FN:888,setupSidebarDragAndDrop
FN:898,(anonymous_74)
FN:908,(anonymous_75)
FN:915,(anonymous_76)
FN:927,(anonymous_77)
FN:936,(anonymous_78)
FN:946,(anonymous_79)
FN:954,(anonymous_80)
FN:988,(anonymous_81)
FN:996,(anonymous_82)
FN:1015,(anonymous_83)
FN:1024,resetUnreadStateForTests
FN:1025,(anonymous_85)
FN:1030,resetAppStateForTests
FN:1034,(anonymous_87)
FN:1037,(anonymous_88)
FN:1047,(anonymous_89)
FN:1072,(anonymous_90)
FN:1108,(anonymous_91)
FN:1119,(anonymous_92)
FN:1125,(anonymous_93)
FN:1131,(anonymous_94)
FN:1153,(anonymous_95)
FN:1159,applyTheme
FN:1163,updateThemeChips
FN:1165,(anonymous_98)
FN:1179,openSettingsTab
FN:1181,(anonymous_100)
FN:1186,(anonymous_101)
FNF:102
FNH:0
FNDA:0,(anonymous_0)
FNDA:0,updateUnreadSummary
FNDA:0,(anonymous_2)
FNDA:0,(anonymous_3)
FNDA:0,sendNativeNotification
FNDA:0,(anonymous_5)
FNDA:0,saveUnreadState
FNDA:0,restoreUnreadState
FNDA:0,(anonymous_8)
FNDA:0,setTabUnread
FNDA:0,openTab
FNDA:0,(anonymous_11)
FNDA:0,setWebviewAttributes
FNDA:0,(anonymous_13)
FNDA:0,getPlatformHost
FNDA:0,isInternalHost
FNDA:0,openExternalLink
FNDA:0,createPlatformButton
FNDA:0,(anonymous_18)
FNDA:0,renderSidebarButtons
FNDA:0,(anonymous_20)
FNDA:0,(anonymous_21)
FNDA:0,createPlatformTab
FNDA:0,renderPlatformTabs
FNDA:0,(anonymous_24)
FNDA:0,(anonymous_25)
FNDA:0,setupWebviews
FNDA:0,(anonymous_27)
FNDA:0,(anonymous_28)
FNDA:0,(anonymous_29)
FNDA:0,(anonymous_30)
FNDA:0,(anonymous_31)
FNDA:0,(anonymous_32)
FNDA:0,(anonymous_33)
FNDA:0,(anonymous_34)
FNDA:0,(anonymous_35)
FNDA:0,(anonymous_36)
FNDA:0,(anonymous_37)
FNDA:0,(anonymous_38)
FNDA:0,(anonymous_39)
FNDA:0,(anonymous_40)
FNDA:0,(anonymous_41)
FNDA:0,(anonymous_42)
FNDA:0,(anonymous_43)
FNDA:0,(anonymous_44)
FNDA:0,(anonymous_45)
FNDA:0,(anonymous_46)
FNDA:0,(anonymous_47)
FNDA:0,(anonymous_48)
FNDA:0,buildDefaultAppsState
FNDA:0,(anonymous_50)
FNDA:0,isNotificationsEnabled
FNDA:0,loadAppState
FNDA:0,saveAppState
FNDA:0,applySidebarDensity
FNDA:0,setupGlobalSettings
FNDA:0,(anonymous_56)
FNDA:0,(anonymous_57)
FNDA:0,(anonymous_58)
FNDA:0,(anonymous_59)
FNDA:0,(anonymous_60)
FNDA:0,(anonymous_61)
FNDA:0,initializeButtonRefs
FNDA:0,updateSidebarVisibility
FNDA:0,updateNotificationToggles
FNDA:0,(anonymous_65)
FNDA:0,setupAppToggles
FNDA:0,(anonymous_67)
FNDA:0,(anonymous_68)
FNDA:0,(anonymous_69)
FNDA:0,saveSidebarOrder
FNDA:0,(anonymous_71)
FNDA:0,(anonymous_72)
FNDA:0,setupSidebarDragAndDrop
FNDA:0,(anonymous_74)
FNDA:0,(anonymous_75)
FNDA:0,(anonymous_76)
FNDA:0,(anonymous_77)
FNDA:0,(anonymous_78)
FNDA:0,(anonymous_79)
FNDA:0,(anonymous_80)
FNDA:0,(anonymous_81)
FNDA:0,(anonymous_82)
FNDA:0,(anonymous_83)
FNDA:0,resetUnreadStateForTests
FNDA:0,(anonymous_85)
FNDA:0,resetAppStateForTests
FNDA:0,(anonymous_87)
FNDA:0,(anonymous_88)
FNDA:0,(anonymous_89)
FNDA:0,(anonymous_90)
FNDA:0,(anonymous_91)
FNDA:0,(anonymous_92)
FNDA:0,(anonymous_93)
FNDA:0,(anonymous_94)
FNDA:0,(anonymous_95)
FNDA:0,applyTheme
FNDA:0,updateThemeChips
FNDA:0,(anonymous_98)
FNDA:0,openSettingsTab
FNDA:0,(anonymous_100)
FNDA:0,(anonymous_101)
DA:1,0
DA:2,0
DA:3,0
DA:4,0
DA:6,0
DA:8,0
DA:10,0
DA:13,0
DA:14,0
DA:15,0
DA:19,0
DA:20,0
DA:21,0
DA:23,0
DA:24,0
DA:27,0
DA:28,0
DA:35,0
DA:43,0
DA:44,0
DA:45,0
DA:46,0
DA:50,0
DA:51,0
DA:53,0
DA:57,0
DA:62,0
DA:63,0
DA:64,0
DA:68,0
DA:70,0
DA:72,0
DA:73,0
DA:74,0
DA:78,0
DA:79,0
DA:80,0
DA:81,0
DA:83,0
DA:85,0
DA:86,0
DA:97,0
DA:100,0
DA:101,0
DA:102,0
DA:104,0
DA:107,0
DA:116,0
DA:121,0
DA:122,0
DA:124,0
DA:129,0
DA:130,0
DA:131,0
DA:132,0
DA:133,0
DA:134,0
DA:135,0
DA:138,0
DA:140,0
DA:145,0
DA:146,0
DA:147,0
DA:148,0
DA:149,0
DA:150,0
DA:151,0
DA:152,0
DA:153,0
DA:154,0
DA:156,0
DA:157,0
DA:160,0
DA:161,0
DA:163,0
DA:164,0
DA:169,0
DA:170,0
DA:171,0
DA:174,0
DA:175,0
DA:176,0
DA:179,0
DA:180,0
DA:187,0
DA:190,0
DA:206,0
DA:211,0
DA:217,0
DA:218,0
DA:219,0
DA:221,0
DA:227,0
DA:228,0
DA:229,0
DA:230,0
DA:231,0
DA:233,0
DA:234,0
DA:239,0
DA:240,0
DA:241,0
DA:245,0
DA:246,0
DA:247,0
DA:249,0
DA:254,0
DA:255,0
DA:256,0
DA:257,0
DA:258,0
DA:260,0
DA:261,0
DA:262,0
DA:263,0
DA:264,0
DA:266,0
DA:270,0
DA:271,0
DA:272,0
DA:273,0
DA:274,0
DA:277,0
DA:280,0
DA:282,0
DA:283,0
DA:284,0
DA:285,0
DA:286,0
DA:288,0
DA:290,0
DA:295,0
DA:296,0
DA:297,0
DA:298,0
DA:300,0
DA:301,0
DA:302,0
DA:303,0
DA:304,0
DA:305,0
DA:306,0
DA:309,0
DA:310,0
DA:314,0
DA:315,0
DA:316,0
DA:317,0
DA:318,0
DA:319,0
DA:322,0
DA:323,0
DA:324,0
DA:325,0
DA:329,0
DA:330,0
DA:331,0
DA:332,0
DA:333,0
DA:336,0
DA:338,0
DA:344,0
DA:345,0
DA:346,0
DA:347,0
DA:350,0
DA:351,0
DA:354,0
DA:355,0
DA:359,0
DA:362,0
DA:363,0
DA:364,0
DA:374,0
DA:375,0
DA:376,0
DA:377,0
DA:378,0
DA:385,0
DA:386,0
DA:387,0
DA:388,0
DA:396,0
DA:397,0
DA:398,0
DA:399,0
DA:403,0
DA:404,0
DA:405,0
DA:406,0
DA:408,0
DA:409,0
DA:410,0
DA:412,0
DA:413,0
DA:414,0
DA:415,0
DA:418,0
DA:422,0
DA:423,0
DA:424,0
DA:425,0
DA:426,0
DA:429,0
DA:430,0
DA:431,0
DA:432,0
DA:433,0
DA:434,0
DA:435,0
DA:442,0
DA:443,0
DA:444,0
DA:445,0
DA:446,0
DA:452,0
DA:453,0
DA:454,0
DA:455,0
DA:458,0
DA:459,0
DA:460,0
DA:462,0
DA:463,0
DA:464,0
DA:465,0
DA:467,0
DA:493,0
DA:494,0
DA:495,0
DA:500,0
DA:501,0
DA:502,0
DA:505,0
DA:509,0
DA:510,0
DA:519,0
DA:521,0
DA:528,0
DA:531,0
DA:532,0
DA:534,0
DA:535,0
DA:536,0
DA:589,0
DA:593,0
DA:595,0
DA:596,0
DA:606,0
DA:607,0
DA:608,0
DA:612,0
DA:623,0
DA:626,0
DA:627,0
DA:628,0
DA:630,0
DA:635,0
DA:636,0
DA:637,0
DA:638,0
DA:639,0
DA:640,0
DA:642,0
DA:643,0
DA:645,0
DA:646,0
DA:650,0
DA:656,0
DA:657,0
DA:659,0
DA:665,0
DA:666,0
DA:667,0
DA:669,0
DA:670,0
DA:671,0
DA:673,0
DA:674,0
DA:677,0
DA:683,0
DA:685,0
DA:686,0
DA:687,0
DA:688,0
DA:689,0
DA:690,0
DA:691,0
DA:694,0
DA:695,0
DA:701,0
DA:702,0
DA:703,0
DA:704,0
DA:705,0
DA:706,0
DA:707,0
DA:709,0
DA:713,0
DA:714,0
DA:715,0
DA:716,0
DA:717,0
DA:718,0
DA:719,0
DA:724,0
DA:725,0
DA:726,0
DA:727,0
DA:728,0
DA:731,0
DA:732,0
DA:733,0
DA:734,0
DA:737,0
DA:738,0
DA:740,0
DA:744,0
DA:748,0
DA:751,0
DA:752,0
DA:757,0
DA:758,0
DA:759,0
DA:760,0
DA:764,0
DA:765,0
DA:769,0
DA:770,0
DA:771,0
DA:772,0
DA:775,0
DA:776,0
DA:777,0
DA:779,0
DA:780,0
DA:787,0
DA:793,0
DA:794,0
DA:797,0
DA:798,0
DA:799,0
DA:806,0
DA:807,0
DA:808,0
DA:809,0
DA:812,0
DA:813,0
DA:814,0
DA:815,0
DA:816,0
DA:820,0
DA:821,0
DA:822,0
DA:823,0
DA:826,0
DA:827,0
DA:828,0
DA:829,0
DA:832,0
DA:833,0
DA:834,0
DA:838,0
DA:841,0
DA:844,0
DA:847,0
DA:848,0
DA:850,0
DA:851,0
DA:852,0
DA:853,0
DA:854,0
DA:856,0
DA:861,0
DA:866,0
DA:867,0
DA:869,0
DA:874,0
DA:875,0
DA:876,0
DA:878,0
DA:879,0
DA:880,0
DA:885,0
DA:886,0
DA:889,0
DA:890,0
DA:893,0
DA:898,0
DA:899,0
DA:900,0
DA:908,0
DA:909,0
DA:910,0
DA:913,0
DA:914,0
DA:915,0
DA:916,0
DA:918,0
DA:921,0
DA:922,0
DA:923,0
DA:925,0
DA:927,0
DA:928,0
DA:929,0
DA:930,0
DA:931,0
DA:933,0
DA:934,0
DA:936,0
DA:937,0
DA:938,0
DA:939,0
DA:940,0
DA:943,0
DA:944,0
DA:946,0
DA:947,0
DA:948,0
DA:951,0
DA:952,0
DA:954,0
DA:955,0
DA:956,0
DA:958,0
DA:959,0
DA:960,0
DA:963,0
DA:964,0
DA:965,0
DA:968,0
DA:973,0
DA:974,0
DA:976,0
DA:977,0
DA:980,0
DA:981,0
DA:983,0
DA:985,0
DA:986,0
DA:988,0
DA:991,0
DA:993,0
DA:994,0
DA:996,0
DA:997,0
DA:998,0
DA:999,0
DA:1001,0
DA:1003,0
DA:1004,0
DA:1006,0
DA:1008,0
DA:1009,0
DA:1010,0
DA:1015,0
DA:1016,0
DA:1017,0
DA:1018,0
DA:1019,0
DA:1025,0
DA:1026,0
DA:1031,0
DA:1034,0
DA:1035,0
DA:1037,0
DA:1038,0
DA:1042,0
DA:1047,0
DA:1048,0
DA:1049,0
DA:1054,0
DA:1057,0
DA:1060,0
DA:1061,0
DA:1064,0
DA:1065,0
DA:1066,0
DA:1067,0
DA:1072,0
DA:1073,0
DA:1078,0
DA:1081,0
DA:1084,0
DA:1087,0
DA:1088,0
DA:1089,0
DA:1091,0
DA:1092,0
DA:1093,0
DA:1096,0
DA:1097,0
DA:1098,0
DA:1101,0
DA:1102,0
DA:1103,0
DA:1106,0
DA:1107,0
DA:1108,0
DA:1109,0
DA:1110,0
DA:1111,0
DA:1114,0
DA:1118,0
DA:1119,0
DA:1120,0
DA:1121,0
DA:1122,0
DA:1125,0
DA:1126,0
DA:1127,0
DA:1128,0
DA:1131,0
DA:1132,0
DA:1137,0
DA:1140,0
DA:1143,0
DA:1148,0
DA:1151,0
DA:1152,0
DA:1153,0
DA:1154,0
DA:1160,0
DA:1164,0
DA:1165,0
DA:1166,0
DA:1167,0
DA:1168,0
DA:1169,0
DA:1170,0
DA:1171,0
DA:1172,0
DA:1174,0
DA:1180,0
DA:1181,0
DA:1182,0
DA:1185,0
DA:1186,0
DA:1187,0
DA:1190,0
DA:1191,0
DA:1192,0
DA:1195,0
DA:1196,0
DA:1197,0
DA:1202,0
DA:1203,0
DA:1205,0
DA:1206,0
LF:550
LH:0
BRDA:21,0,0,0
BRDA:21,0,1,0
BRDA:27,1,0,0
BRDA:27,1,1,0
BRDA:43,2,0,0
BRDA:43,2,1,0
BRDA:43,3,0,0
BRDA:43,3,1,0
BRDA:44,4,0,0
BRDA:44,4,1,0
BRDA:50,5,0,0
BRDA:50,5,1,0
BRDA:70,6,0,0
BRDA:70,6,1,0
BRDA:72,7,0,0
BRDA:72,7,1,0
BRDA:78,8,0,0
BRDA:78,8,1,0
BRDA:80,9,0,0
BRDA:80,9,1,0
BRDA:97,10,0,0
BRDA:97,10,1,0
BRDA:101,11,0,0
BRDA:101,11,1,0
BRDA:102,12,0,0
BRDA:102,12,1,0
BRDA:131,13,0,0
BRDA:131,13,1,0
BRDA:134,14,0,0
BRDA:134,14,1,0
BRDA:144,15,0,0
BRDA:145,16,0,0
BRDA:145,17,0,0
BRDA:146,18,0,0
BRDA:146,18,1,0
BRDA:150,19,0,0
BRDA:150,19,1,0
BRDA:151,20,0,0
BRDA:151,20,1,0
BRDA:151,21,0,0
BRDA:151,21,1,0
BRDA:153,22,0,0
BRDA:153,22,1,0
BRDA:160,23,0,0
BRDA:160,23,1,0
BRDA:163,24,0,0
BRDA:163,24,1,0
BRDA:229,25,0,0
BRDA:229,25,1,0
BRDA:229,26,0,0
BRDA:229,26,1,0
BRDA:239,27,0,0
BRDA:239,27,1,0
BRDA:239,28,0,0
BRDA:239,28,1,0
BRDA:240,29,0,0
BRDA:240,29,1,0
BRDA:245,30,0,0
BRDA:245,30,1,0
BRDA:272,31,0,0
BRDA:272,31,1,0
BRDA:285,32,0,0
BRDA:285,32,1,0
BRDA:305,33,0,0
BRDA:305,33,1,0
BRDA:317,34,0,0
BRDA:317,34,1,0
BRDA:317,35,0,0
BRDA:317,35,1,0
BRDA:324,36,0,0
BRDA:324,36,1,0
BRDA:332,37,0,0
BRDA:332,37,1,0
BRDA:354,38,0,0
BRDA:354,38,1,0
BRDA:362,39,0,0
BRDA:362,39,1,0
BRDA:374,40,0,0
BRDA:374,40,1,0
BRDA:374,41,0,0
BRDA:374,41,1,0
BRDA:374,41,2,0
BRDA:376,42,0,0
BRDA:376,42,1,0
BRDA:386,43,0,0
BRDA:386,43,1,0
BRDA:397,44,0,0
BRDA:397,44,1,0
BRDA:404,45,0,0
BRDA:404,45,1,0
BRDA:406,46,0,0
BRDA:406,46,1,0
BRDA:413,47,0,0
BRDA:413,47,1,0
BRDA:423,48,0,0
BRDA:423,48,1,0
BRDA:425,49,0,0
BRDA:425,49,1,0
BRDA:432,50,0,0
BRDA:432,50,1,0
BRDA:433,51,0,0
BRDA:433,51,1,0
BRDA:433,52,0,0
BRDA:433,52,1,0
BRDA:444,53,0,0
BRDA:444,53,1,0
BRDA:453,54,0,0
BRDA:453,54,1,0
BRDA:462,55,0,0
BRDA:462,55,1,0
BRDA:464,56,0,0
BRDA:464,56,1,0
BRDA:494,57,0,0
BRDA:494,57,1,0
BRDA:509,58,0,0
BRDA:509,58,1,0
BRDA:519,59,0,0
BRDA:519,59,1,0
BRDA:531,60,0,0
BRDA:531,60,1,0
BRDA:531,61,0,0
BRDA:531,61,1,0
BRDA:531,61,2,0
BRDA:535,62,0,0
BRDA:535,62,1,0
BRDA:627,63,0,0
BRDA:627,63,1,0
BRDA:630,64,0,0
BRDA:630,64,1,0
BRDA:637,65,0,0
BRDA:637,65,1,0
BRDA:639,66,0,0
BRDA:639,66,1,0
BRDA:642,67,0,0
BRDA:642,67,1,0
BRDA:642,68,0,0
BRDA:642,68,1,0
BRDA:645,69,0,0
BRDA:645,69,1,0
BRDA:667,70,0,0
BRDA:667,70,1,0
BRDA:669,71,0,0
BRDA:669,71,1,0
BRDA:686,72,0,0
BRDA:686,72,1,0
BRDA:691,73,0,0
BRDA:691,73,1,0
BRDA:694,74,0,0
BRDA:694,74,1,0
BRDA:694,75,0,0
BRDA:694,75,1,0
BRDA:694,75,2,0
BRDA:702,76,0,0
BRDA:702,76,1,0
BRDA:707,77,0,0
BRDA:707,77,1,0
BRDA:714,78,0,0
BRDA:714,78,1,0
BRDA:719,79,0,0
BRDA:719,79,1,0
BRDA:727,80,0,0
BRDA:727,80,1,0
BRDA:758,81,0,0
BRDA:758,81,1,0
BRDA:764,82,0,0
BRDA:764,82,1,0
BRDA:764,83,0,0
BRDA:764,83,1,0
BRDA:770,84,0,0
BRDA:770,84,1,0
BRDA:775,85,0,0
BRDA:775,85,1,0
BRDA:775,86,0,0
BRDA:775,86,1,0
BRDA:798,87,0,0
BRDA:798,87,1,0
BRDA:798,88,0,0
BRDA:798,88,1,0
BRDA:812,89,0,0
BRDA:812,89,1,0
BRDA:813,90,0,0
BRDA:813,90,1,0
BRDA:815,91,0,0
BRDA:815,91,1,0
BRDA:821,92,0,0
BRDA:821,92,1,0
BRDA:826,93,0,0
BRDA:826,93,1,0
BRDA:829,94,0,0
BRDA:829,94,1,0
BRDA:832,95,0,0
BRDA:832,95,1,0
BRDA:832,96,0,0
BRDA:832,96,1,0
BRDA:832,96,2,0
BRDA:850,97,0,0
BRDA:850,97,1,0
BRDA:852,98,0,0
BRDA:852,98,1,0
BRDA:867,99,0,0
BRDA:867,99,1,0
BRDA:876,100,0,0
BRDA:876,100,1,0
BRDA:876,100,2,0
BRDA:878,101,0,0
BRDA:878,101,1,0
BRDA:890,102,0,0
BRDA:890,102,1,0
BRDA:901,103,0,0
BRDA:901,103,1,0
BRDA:901,103,2,0
BRDA:901,103,3,0
BRDA:910,104,0,0
BRDA:910,104,1,0
BRDA:910,104,2,0
BRDA:914,105,0,0
BRDA:914,105,1,0
BRDA:921,106,0,0
BRDA:921,106,1,0
BRDA:939,107,0,0
BRDA:939,107,1,0
BRDA:939,108,0,0
BRDA:939,108,1,0
BRDA:947,109,0,0
BRDA:947,109,1,0
BRDA:958,110,0,0
BRDA:958,110,1,0
BRDA:958,111,0,0
BRDA:958,111,1,0
BRDA:963,112,0,0
BRDA:963,112,1,0
BRDA:976,113,0,0
BRDA:976,113,1,0
BRDA:976,114,0,0
BRDA:976,114,1,0
BRDA:976,114,2,0
BRDA:980,115,0,0
BRDA:980,115,1,0
BRDA:997,116,0,0
BRDA:997,116,1,0
BRDA:1017,117,0,0
BRDA:1017,117,1,0
BRDA:1017,118,0,0
BRDA:1017,118,1,0
BRDA:1017,118,2,0
BRDA:1064,119,0,0
BRDA:1064,119,1,0
BRDA:1066,120,0,0
BRDA:1066,120,1,0
BRDA:1088,121,0,0
BRDA:1088,121,1,0
BRDA:1092,122,0,0
BRDA:1092,122,1,0
BRDA:1097,123,0,0
BRDA:1097,123,1,0
BRDA:1101,124,0,0
BRDA:1101,124,1,0
BRDA:1106,125,0,0
BRDA:1106,125,1,0
BRDA:1109,126,0,0
BRDA:1109,126,1,0
BRDA:1110,127,0,0
BRDA:1110,127,1,0
BRDA:1121,128,0,0
BRDA:1121,128,1,0
BRDA:1121,129,0,0
BRDA:1121,129,1,0
BRDA:1143,130,0,0
BRDA:1143,130,1,0
BRDA:1144,131,0,0
BRDA:1144,131,1,0
BRDA:1144,131,2,0
BRDA:1152,132,0,0
BRDA:1152,132,1,0
BRDA:1168,133,0,0
BRDA:1168,133,1,0
BRDA:1169,134,0,0
BRDA:1169,134,1,0
BRDA:1170,135,0,0
BRDA:1170,135,1,0
BRDA:1171,136,0,0
BRDA:1171,136,1,0
BRDA:1191,137,0,0
BRDA:1191,137,1,0
BRDA:1196,138,0,0
BRDA:1196,138,1,0
BRDA:1205,139,0,0
BRDA:1205,139,1,0
BRDA:1205,140,0,0
BRDA:1205,140,1,0
BRF:290
BRH:0
end_of_record
TN:
SF:src/lib/config.js
FNF:0
FNH:0
DA:2,0
DA:61,0
DA:66,0
DA:67,0
DA:68,0
DA:69,0
DA:71,0
DA:72,0
DA:73,0
DA:74,0
DA:83,0
DA:86,0
LF:12
LH:0
BRDA:68,0,0,0
BRDA:68,0,1,0
BRDA:68,1,0,0
BRDA:68,1,1,0
BRDA:73,2,0,0
BRDA:73,2,1,0
BRDA:73,3,0,0
BRDA:73,3,1,0
BRDA:74,4,0,0
BRDA:74,4,1,0
BRF:10
BRH:0
end_of_record
TN:
SF:src/lib/logger.js
FN:8,(anonymous_0)
FN:10,(anonymous_1)
FN:22,(anonymous_2)
FN:23,(anonymous_3)
FN:27,(anonymous_4)
FN:29,(anonymous_5)
FN:39,shouldIgnoreLog
FN:41,(anonymous_7)
FN:56,(anonymous_8)
FN:61,(anonymous_9)
FN:66,(anonymous_10)
FN:71,(anonymous_11)
FN:76,(anonymous_12)
FNF:13
FNH:0
FNDA:0,(anonymous_0)
FNDA:0,(anonymous_1)
FNDA:0,(anonymous_2)
FNDA:0,(anonymous_3)
FNDA:0,(anonymous_4)
FNDA:0,(anonymous_5)
FNDA:0,shouldIgnoreLog
FNDA:0,(anonymous_7)
FNDA:0,(anonymous_8)
FNDA:0,(anonymous_9)
FNDA:0,(anonymous_10)
FNDA:0,(anonymous_11)
FNDA:0,(anonymous_12)
DA:2,0
DA:5,0
DA:9,0
DA:11,0
DA:23,0
DA:28,0
DA:30,0
DA:40,0
DA:41,0
DA:43,0
DA:47,0
DA:56,0
DA:57,0
DA:58,0
DA:61,0
DA:62,0
DA:63,0
DA:66,0
DA:67,0
DA:68,0
DA:71,0
DA:72,0
DA:73,0
DA:76,0
DA:77,0
DA:78,0
DA:82,0
DA:90,0
LF:28
LH:0
BRDA:11,0,0,0
BRDA:11,0,1,0
BRDA:11,0,2,0
BRDA:11,0,3,0
BRDA:11,0,4,0
BRDA:11,0,5,0
BRDA:11,0,6,0
BRDA:23,1,0,0
BRDA:23,1,1,0
BRDA:30,2,0,0
BRDA:30,2,1,0
BRDA:40,3,0,0
BRDA:40,3,1,0
BRDA:40,4,0,0
BRDA:40,4,1,0
BRDA:57,5,0,0
BRDA:57,5,1,0
BRDA:62,6,0,0
BRDA:62,6,1,0
BRDA:67,7,0,0
BRDA:67,7,1,0
BRDA:67,8,0,0
BRDA:67,8,1,0
BRDA:72,9,0,0
BRDA:72,9,1,0
BRDA:77,10,0,0
BRDA:77,10,1,0
BRF:27
BRH:0
end_of_record
TN:
SF:src/lib/sidebarManager.js
FN:1,collectButtonRefs
FN:7,(anonymous_1)
FN:16,computeOrderedButtons
FN:20,(anonymous_3)
FN:29,(anonymous_4)
FN:42,applySidebarState
FN:50,(anonymous_6)
FN:65,(anonymous_7)
FN:73,(anonymous_8)
FN:80,(anonymous_9)
FNF:10
FNH:0
FNDA:0,collectButtonRefs
FNDA:0,(anonymous_1)
FNDA:0,computeOrderedButtons
FNDA:0,(anonymous_3)
FNDA:0,(anonymous_4)
FNDA:0,applySidebarState
FNDA:0,(anonymous_6)
FNDA:0,(anonymous_7)
FNDA:0,(anonymous_8)
FNDA:0,(anonymous_9)
DA:2,0
DA:3,0
DA:4,0
DA:7,0
DA:8,0
DA:9,0
DA:10,0
DA:13,0
DA:17,0
DA:18,0
DA:20,0
DA:21,0
DA:22,0
DA:23,0
DA:24,0
DA:29,0
DA:30,0
DA:35,0
DA:39,0
DA:43,0
DA:44,0
DA:47,0
DA:50,0
DA:51,0
DA:52,0
DA:57,0
DA:58,0
DA:59,0
DA:60,0
DA:63,0
DA:65,0
DA:66,0
DA:67,0
DA:68,0
DA:73,0
DA:74,0
DA:75,0
DA:76,0
DA:80,0
DA:83,0
LF:40
LH:0
BRDA:3,0,0,0
BRDA:3,0,1,0
BRDA:9,1,0,0
BRDA:9,1,1,0
BRDA:18,2,0,0
BRDA:18,2,1,0
BRDA:18,3,0,0
BRDA:18,3,1,0
BRDA:23,4,0,0
BRDA:23,4,1,0
BRDA:23,5,0,0
BRDA:23,5,1,0
BRDA:23,5,2,0
BRDA:30,6,0,0
BRDA:30,6,1,0
BRDA:31,7,0,0
BRDA:31,7,1,0
BRDA:31,7,2,0
BRDA:43,8,0,0
BRDA:43,8,1,0
BRDA:43,9,0,0
BRDA:43,9,1,0
BRDA:43,9,2,0
BRDA:51,10,0,0
BRDA:51,10,1,0
BRDA:57,11,0,0
BRDA:57,11,1,0
BRDA:59,12,0,0
BRDA:59,12,1,0
BRDA:67,13,0,0
BRDA:67,13,1,0
BRDA:75,14,0,0
BRDA:75,14,1,0
BRDA:75,15,0,0
BRDA:75,15,1,0
BRF:35
BRH:0
end_of_record
TN:
SF:src/lib/theme.js
FN:1,resolveThemeClass
FN:7,applyThemeToDocument
FNF:2
FNH:0
FNDA:0,resolveThemeClass
FNDA:0,applyThemeToDocument
DA:2,0
DA:3,0
DA:4,0
DA:8,0
DA:9,0
DA:11,0
DA:19,0
DA:20,0
DA:21,0
DA:24,0
LF:10
LH:0
BRDA:1,0,0,0
BRDA:2,1,0,0
BRDA:2,1,1,0
BRDA:3,2,0,0
BRDA:3,2,1,0
BRDA:4,3,0,0
BRDA:4,3,1,0
BRDA:8,4,0,0
BRDA:8,4,1,0
BRDA:8,5,0,0
BRDA:8,5,1,0
BRDA:13,6,0,0
BRDA:13,6,1,0
BRDA:15,7,0,0
BRDA:15,7,1,0
BRDA:15,7,2,0
BRF:16
BRH:0
end_of_record
TN:
SF:src/lib/windowStateManager.js
FN:10,(anonymous_0)
FN:24,(anonymous_1)
FN:39,(anonymous_2)
FN:71,(anonymous_3)
FN:80,(anonymous_4)
FN:102,(anonymous_5)
FN:138,(anonymous_6)
FN:153,(anonymous_7)
FNF:8
FNH:6
FNDA:15,(anonymous_0)
FNDA:1,(anonymous_1)
FNDA:2,(anonymous_2)
FNDA:0,(anonymous_3)
FNDA:7,(anonymous_4)
FNDA:2,(anonymous_5)
FNDA:0,(anonymous_6)
FNDA:3,(anonymous_7)
DA:1,1
DA:2,1
DA:3,1
DA:4,1
DA:5,1
DA:6,1
DA:7,1
DA:11,15
DA:12,2
DA:15,13
DA:16,13
DA:17,13
DA:18,13
DA:25,1
DA:26,1
DA:28,1
DA:29,1
DA:31,0
DA:40,2
DA:41,2
DA:42,2
DA:43,1
DA:45,1
DA:46,0
DA:47,0
DA:50,1
DA:53,1
DA:54,1
DA:57,0
DA:58,0
DA:60,1
DA:62,1
DA:65,0
DA:66,0
DA:67,0
DA:71,0
DA:74,0
DA:81,7
DA:84,6
DA:85,6
DA:86,18
DA:87,2
DA:92,4
DA:93,0
DA:96,4
DA:103,2
DA:104,0
DA:105,0
DA:108,2
DA:118,2
DA:119,0
DA:120,0
DA:123,2
DA:124,2
DA:126,2
DA:127,2
DA:128,2
DA:133,2
DA:135,0
DA:136,0
DA:138,0
DA:142,0
DA:144,0
DA:147,0
DA:154,3
DA:155,3
DA:157,3
DA:168,3
DA:175,2
DA:176,2
DA:179,3
DA:183,1
LF:72
LH:51
BRDA:11,0,0,2
BRDA:11,0,1,13
BRDA:11,1,0,15
BRDA:11,1,1,14
BRDA:28,2,0,1
BRDA:28,2,1,0
BRDA:45,3,0,0
BRDA:45,3,1,1
BRDA:53,4,0,1
BRDA:53,4,1,0
BRDA:60,5,0,1
BRDA:60,5,1,0
BRDA:65,6,0,0
BRDA:65,6,1,0
BRDA:81,7,0,1
BRDA:81,7,1,6
BRDA:81,8,0,7
BRDA:81,8,1,6
BRDA:86,9,0,2
BRDA:86,9,1,16
BRDA:86,10,0,18
BRDA:86,10,1,16
BRDA:86,10,2,16
BRDA:92,11,0,0
BRDA:92,11,1,4
BRDA:92,12,0,4
BRDA:92,12,1,4
BRDA:103,13,0,0
BRDA:103,13,1,2
BRDA:103,14,0,2
BRDA:103,14,1,2
BRDA:118,15,0,0
BRDA:118,15,1,2
BRDA:135,16,0,0
BRDA:135,16,1,0
BRDA:153,17,0,3
BRDA:159,18,0,2
BRDA:159,18,1,1
BRDA:159,19,0,3
BRDA:159,19,1,2
BRDA:161,20,0,2
BRDA:161,20,1,1
BRDA:161,21,0,3
BRDA:161,21,1,2
BRDA:168,22,0,2
BRDA:168,22,1,1
BRDA:169,23,0,3
BRDA:169,23,1,2
BRDA:169,23,2,2
BRDA:169,23,3,2
BRDA:169,23,4,2
BRF:51
BRH:40
end_of_record
TN:
SF:src/modules/state/appState.js
FN:9,buildDefaultAppsState
FN:10,(anonymous_1)
FN:40,isNotificationsEnabled
FN:44,loadAppState
FN:65,(anonymous_4)
FN:81,saveAppState
FN:91,resetAppState
FN:101,(anonymous_7)
FN:102,(anonymous_8)
FN:104,(anonymous_9)
FNF:10
FNH:0
FNDA:0,buildDefaultAppsState
FNDA:0,(anonymous_1)
FNDA:0,isNotificationsEnabled
FNDA:0,loadAppState
FNDA:0,(anonymous_4)
FNDA:0,saveAppState
FNDA:0,resetAppState
FNDA:0,(anonymous_7)
FNDA:0,(anonymous_8)
FNDA:0,(anonymous_9)
DA:1,0
DA:2,0
DA:3,0
DA:4,0
DA:6,0
DA:7,0
DA:10,0
DA:11,0
DA:12,0
DA:16,0
DA:38,0
DA:41,0
DA:45,0
DA:46,0
DA:47,0
DA:48,0
DA:51,0
DA:65,0
DA:66,0
DA:67,0
DA:71,0
DA:74,0
DA:76,0
DA:78,0
DA:82,0
DA:83,0
DA:85,0
DA:87,0
DA:92,0
DA:93,0
DA:94,0
DA:98,0
DA:100,0
DA:101,0
DA:103,0
DA:104,0
DA:105,0
DA:108,0
DA:110,0
DA:111,0
DA:112,0
LF:41
LH:0
BRDA:47,0,0,0
BRDA:47,0,1,0
BRDA:56,1,0,0
BRDA:56,1,1,0
BRDA:60,2,0,0
BRDA:60,2,1,0
BRDA:66,3,0,0
BRDA:66,3,1,0
BRDA:103,4,0,0
BRDA:103,4,1,0
BRF:10
BRH:0
end_of_record
TN:
SF:src/modules/state/unreadState.js
FN:11,(anonymous_0)
FN:19,updateUnreadSummary
FN:22,(anonymous_2)
FN:25,(anonymous_3)
FN:60,sendNativeNotification
FN:77,(anonymous_5)
FN:86,saveUnreadState
FN:94,restoreUnreadState
FN:100,(anonymous_8)
FN:112,updateTabBadge
FN:132,updateSidebarBadge
FN:151,setTabUnread
FN:178,resetUnreadState
FN:179,(anonymous_13)
FN:192,(anonymous_14)
FNF:15
FNH:0
FNDA:0,(anonymous_0)
FNDA:0,updateUnreadSummary
FNDA:0,(anonymous_2)
FNDA:0,(anonymous_3)
FNDA:0,sendNativeNotification
FNDA:0,(anonymous_5)
FNDA:0,saveUnreadState
FNDA:0,restoreUnreadState
FNDA:0,(anonymous_8)
FNDA:0,updateTabBadge
FNDA:0,updateSidebarBadge
FNDA:0,setTabUnread
FNDA:0,resetUnreadState
FNDA:0,(anonymous_13)
FNDA:0,(anonymous_14)
DA:1,0
DA:2,0
DA:3,0
DA:4,0
DA:6,0
DA:7,0
DA:8,0
DA:11,0
DA:12,0
DA:13,0
DA:16,0
DA:17,0
DA:20,0
DA:21,0
DA:22,0
DA:24,0
DA:25,0
DA:28,0
DA:29,0
DA:30,0
DA:37,0
DA:45,0
DA:46,0
DA:47,0
DA:48,0
DA:51,0
DA:54,0
DA:56,0
DA:61,0
DA:62,0
DA:63,0
DA:66,0
DA:68,0
DA:69,0
DA:77,0
DA:78,0
DA:79,0
DA:82,0
DA:87,0
DA:88,0
DA:90,0
DA:95,0
DA:96,0
DA:97,0
DA:98,0
DA:100,0
DA:101,0
DA:102,0
DA:105,0
DA:108,0
DA:113,0
DA:115,0
DA:116,0
DA:117,0
DA:118,0
DA:119,0
DA:120,0
DA:121,0
DA:122,0
DA:123,0
DA:125,0
DA:127,0
DA:128,0
DA:133,0
DA:135,0
DA:136,0
DA:137,0
DA:138,0
DA:139,0
DA:140,0
DA:141,0
DA:142,0
DA:144,0
DA:146,0
DA:147,0
DA:152,0
DA:153,0
DA:154,0
DA:157,0
DA:158,0
DA:161,0
DA:163,0
DA:166,0
DA:167,0
DA:169,0
DA:170,0
DA:173,0
DA:174,0
DA:179,0
DA:180,0
DA:182,0
DA:183,0
DA:187,0
DA:189,0
DA:192,0
LF:95
LH:0
BRDA:22,0,0,0
BRDA:22,0,1,0
BRDA:29,1,0,0
BRDA:29,1,1,0
BRDA:45,2,0,0
BRDA:45,2,1,0
BRDA:45,3,0,0
BRDA:45,3,1,0
BRDA:46,4,0,0
BRDA:46,4,1,0
BRDA:62,5,0,0
BRDA:62,5,1,0
BRDA:71,6,0,0
BRDA:71,6,1,0
BRDA:72,7,0,0
BRDA:72,7,1,0
BRDA:97,8,0,0
BRDA:97,8,1,0
BRDA:101,9,0,0
BRDA:101,9,1,0
BRDA:113,10,0,0
BRDA:113,10,1,0
BRDA:116,11,0,0
BRDA:116,11,1,0
BRDA:117,12,0,0
BRDA:117,12,1,0
BRDA:118,13,0,0
BRDA:118,13,1,0
BRDA:123,14,0,0
BRDA:123,14,1,0
BRDA:127,15,0,0
BRDA:127,15,1,0
BRDA:133,16,0,0
BRDA:133,16,1,0
BRDA:136,17,0,0
BRDA:136,17,1,0
BRDA:137,18,0,0
BRDA:137,18,1,0
BRDA:138,19,0,0
BRDA:138,19,1,0
BRDA:146,20,0,0
BRDA:146,20,1,0
BRDA:151,21,0,0
BRDA:152,22,0,0
BRDA:152,22,1,0
BRDA:157,23,0,0
BRDA:157,23,1,0
BRDA:158,24,0,0
BRDA:158,24,1,0
BRDA:161,25,0,0
BRDA:161,25,1,0
BRDA:173,26,0,0
BRDA:173,26,1,0
BRF:53
BRH:0
end_of_record
TN:
SF:src/modules/ui/settings.js
FN:7,(anonymous_0)
FN:21,(anonymous_1)
FN:24,(anonymous_2)
FN:30,(anonymous_3)
FN:35,(anonymous_4)
FN:56,(anonymous_5)
FN:58,(anonymous_6)
FN:59,(anonymous_7)
FN:70,(anonymous_8)
FN:72,(anonymous_9)
FN:78,(anonymous_10)
FN:102,(anonymous_11)
FN:114,(anonymous_12)
FN:122,(anonymous_13)
FN:133,(anonymous_14)
FN:143,(anonymous_15)
FN:157,(anonymous_16)
FN:169,(anonymous_17)
FN:178,(anonymous_18)
FN:196,(anonymous_19)
FN:207,(anonymous_20)
FN:216,(anonymous_21)
FN:221,(anonymous_22)
FN:228,(anonymous_23)
FN:241,(anonymous_24)
FN:243,(anonymous_25)
FN:251,(anonymous_26)
FN:260,(anonymous_27)
FN:265,(anonymous_28)
FN:286,(anonymous_29)
FN:296,(anonymous_30)
FN:323,(anonymous_31)
FNF:32
FNH:0
FNDA:0,(anonymous_0)
FNDA:0,(anonymous_1)
FNDA:0,(anonymous_2)
FNDA:0,(anonymous_3)
FNDA:0,(anonymous_4)
FNDA:0,(anonymous_5)
FNDA:0,(anonymous_6)
FNDA:0,(anonymous_7)
FNDA:0,(anonymous_8)
FNDA:0,(anonymous_9)
FNDA:0,(anonymous_10)
FNDA:0,(anonymous_11)
FNDA:0,(anonymous_12)
FNDA:0,(anonymous_13)
FNDA:0,(anonymous_14)
FNDA:0,(anonymous_15)
FNDA:0,(anonymous_16)
FNDA:0,(anonymous_17)
FNDA:0,(anonymous_18)
FNDA:0,(anonymous_19)
FNDA:0,(anonymous_20)
FNDA:0,(anonymous_21)
FNDA:0,(anonymous_22)
FNDA:0,(anonymous_23)
FNDA:0,(anonymous_24)
FNDA:0,(anonymous_25)
FNDA:0,(anonymous_26)
FNDA:0,(anonymous_27)
FNDA:0,(anonymous_28)
FNDA:0,(anonymous_29)
FNDA:0,(anonymous_30)
FNDA:0,(anonymous_31)
DA:1,0
DA:2,0
DA:3,0
DA:4,0
DA:8,0
DA:9,0
DA:10,0
DA:11,0
DA:12,0
DA:13,0
DA:14,0
DA:15,0
DA:16,0
DA:18,0
DA:23,0
DA:24,0
DA:26,0
DA:30,0
DA:31,0
DA:37,0
DA:38,0
DA:39,0
DA:40,0
DA:41,0
DA:42,0
DA:43,0
DA:44,0
DA:47,0
DA:50,0
DA:53,0
DA:57,0
DA:58,0
DA:59,0
DA:60,0
DA:61,0
DA:62,0
DA:67,0
DA:72,0
DA:73,0
DA:74,0
DA:78,0
DA:79,0
DA:83,0
DA:84,0
DA:85,0
DA:89,0
DA:90,0
DA:91,0
DA:94,0
DA:97,0
DA:98,0
DA:103,0
DA:104,0
DA:107,0
DA:110,0
DA:113,0
DA:114,0
DA:115,0
DA:116,0
DA:118,0
DA:122,0
DA:123,0
DA:124,0
DA:126,0
DA:127,0
DA:128,0
DA:130,0
DA:131,0
DA:133,0
DA:134,0
DA:135,0
DA:138,0
DA:139,0
DA:144,0
DA:145,0
DA:146,0
DA:148,0
DA:149,0
DA:150,0
DA:152,0
DA:153,0
DA:155,0
DA:158,0
DA:159,0
DA:160,0
DA:164,0
DA:166,0
DA:167,0
DA:168,0
DA:169,0
DA:171,0
DA:172,0
DA:173,0
DA:175,0
DA:179,0
DA:180,0
DA:182,0
DA:183,0
DA:185,0
DA:186,0
DA:187,0
DA:188,0
DA:189,0
DA:191,0
DA:192,0
DA:194,0
DA:196,0
DA:197,0
DA:198,0
DA:199,0
DA:200,0
DA:202,0
DA:206,0
DA:207,0
DA:208,0
DA:209,0
DA:210,0
DA:211,0
DA:217,0
DA:220,0
DA:221,0
DA:222,0
DA:227,0
DA:228,0
DA:229,0
DA:234,0
DA:241,0
DA:242,0
DA:243,0
DA:244,0
DA:250,0
DA:251,0
DA:252,0
DA:253,0
DA:254,0
DA:261,0
DA:262,0
DA:266,0
DA:269,0
DA:270,0
DA:274,0
DA:275,0
DA:279,0
DA:286,0
DA:287,0
DA:288,0
DA:293,0
DA:297,0
DA:299,0
DA:306,0
DA:307,0
DA:311,0
DA:312,0
DA:315,0
DA:316,0
DA:318,0
DA:319,0
DA:325,0
DA:328,0
DA:331,0
DA:336,0
DA:337,0
LF:162
LH:0
BRDA:23,0,0,0
BRDA:23,0,1,0
BRDA:84,1,0,0
BRDA:84,1,1,0
BRDA:90,2,0,0
BRDA:90,2,1,0
BRDA:97,3,0,0
BRDA:97,3,1,0
BRDA:104,4,0,0
BRDA:104,4,1,0
BRDA:115,5,0,0
BRDA:115,5,1,0
BRDA:180,6,0,0
BRDA:180,6,1,0
BRDA:183,7,0,0
BRDA:183,7,1,0
BRDA:198,8,0,0
BRDA:198,8,1,0
BRDA:208,9,0,0
BRDA:208,9,1,0
BRDA:210,10,0,0
BRDA:210,10,1,0
BRDA:217,11,0,0
BRDA:217,11,1,0
BRDA:220,12,0,0
BRDA:220,12,1,0
BRDA:227,13,0,0
BRDA:227,13,1,0
BRDA:242,14,0,0
BRDA:242,14,1,0
BRDA:250,15,0,0
BRDA:250,15,1,0
BRDA:253,16,0,0
BRDA:253,16,1,0
BRDA:266,17,0,0
BRDA:266,17,1,0
BRDA:269,18,0,0
BRDA:269,18,1,0
BRDA:270,19,0,0
BRDA:270,19,1,0
BRDA:274,20,0,0
BRDA:274,20,1,0
BRDA:275,21,0,0
BRDA:275,21,1,0
BRDA:287,22,0,0
BRDA:287,22,1,0
BRDA:306,23,0,0
BRDA:306,23,1,0
BRDA:311,24,0,0
BRDA:311,24,1,0
BRDA:311,25,0,0
BRDA:311,25,1,0
BRDA:328,26,0,0
BRDA:328,26,1,0
BRF:54
BRH:0
end_of_record
TN:
SF:src/modules/ui/sidebar.js
FN:10,createPlatformButton
FN:20,(anonymous_1)
FN:31,updateButtonStates
FN:32,(anonymous_3)
FN:38,setupSidebarDragAndDrop
FN:45,(anonymous_5)
FN:53,(anonymous_6)
FN:58,(anonymous_7)
FN:81,(anonymous_8)
FN:92,(anonymous_9)
FN:102,(anonymous_10)
FN:113,(anonymous_11)
FN:121,(anonymous_12)
FN:126,saveSidebarOrder
FN:128,(anonymous_14)
FN:129,(anonymous_15)
FN:138,renderSidebar
FN:146,(anonymous_17)
FN:150,(anonymous_18)
FN:151,(anonymous_19)
FN:155,(anonymous_20)
FN:180,(anonymous_21)
FNF:22
FNH:0
FNDA:0,createPlatformButton
FNDA:0,(anonymous_1)
FNDA:0,updateButtonStates
FNDA:0,(anonymous_3)
FNDA:0,setupSidebarDragAndDrop
FNDA:0,(anonymous_5)
FNDA:0,(anonymous_6)
FNDA:0,(anonymous_7)
FNDA:0,(anonymous_8)
FNDA:0,(anonymous_9)
FNDA:0,(anonymous_10)
FNDA:0,(anonymous_11)
FNDA:0,(anonymous_12)
FNDA:0,saveSidebarOrder
FNDA:0,(anonymous_14)
FNDA:0,(anonymous_15)
FNDA:0,renderSidebar
FNDA:0,(anonymous_17)
FNDA:0,(anonymous_18)
FNDA:0,(anonymous_19)
FNDA:0,(anonymous_20)
FNDA:0,(anonymous_21)
DA:1,0
DA:2,0
DA:3,0
DA:4,0
DA:5,0
DA:7,0
DA:8,0
DA:11,0
DA:12,0
DA:13,0
DA:14,0
DA:15,0
DA:20,0
DA:21,0
DA:22,0
DA:26,0
DA:28,0
DA:32,0
DA:33,0
DA:34,0
DA:39,0
DA:40,0
DA:42,0
DA:43,0
DA:45,0
DA:46,0
DA:47,0
DA:49,0
DA:50,0
DA:53,0
DA:54,0
DA:58,0
DA:59,0
DA:60,0
DA:62,0
DA:64,0
DA:65,0
DA:68,0
DA:69,0
DA:70,0
DA:74,0
DA:75,0
DA:76,0
DA:78,0
DA:81,0
DA:82,0
DA:83,0
DA:85,0
DA:87,0
DA:88,0
DA:92,0
DA:93,0
DA:94,0
DA:95,0
DA:98,0
DA:99,0
DA:102,0
DA:103,0
DA:106,0
DA:111,0
DA:112,0
DA:113,0
DA:114,0
DA:115,0
DA:118,0
DA:121,0
DA:122,0
DA:127,0
DA:128,0
DA:129,0
DA:132,0
DA:135,0
DA:139,0
DA:140,0
DA:143,0
DA:146,0
DA:149,0
DA:150,0
DA:151,0
DA:152,0
DA:155,0
DA:156,0
DA:157,0
DA:158,0
DA:159,0
DA:164,0
DA:167,0
DA:171,0
DA:172,0
DA:174,0
DA:177,0
DA:180,0
LF:92
LH:0
BRDA:34,0,0,0
BRDA:34,0,1,0
BRDA:43,1,0,0
BRDA:43,1,1,0
BRDA:47,2,0,0
BRDA:47,2,1,0
BRDA:62,3,0,0
BRDA:62,3,1,0
BRDA:65,4,0,0
BRDA:65,4,1,0
BRDA:65,5,0,0
BRDA:65,5,1,0
BRDA:68,6,0,0
BRDA:68,6,1,0
BRDA:78,7,0,0
BRDA:78,7,1,0
BRDA:82,8,0,0
BRDA:82,8,1,0
BRDA:93,9,0,0
BRDA:93,9,1,0
BRDA:98,10,0,0
BRDA:98,10,1,0
BRDA:114,11,0,0
BRDA:114,11,1,0
BRDA:140,12,0,0
BRDA:140,12,1,0
BRDA:149,13,0,0
BRDA:149,13,1,0
BRDA:156,14,0,0
BRDA:156,14,1,0
BRDA:171,15,0,0
BRDA:171,15,1,0
BRF:32
BRH:0
end_of_record
TN:
SF:src/modules/ui/tabs.js
FN:10,createPlatformTab
FN:43,setupTabEventListeners
FN:49,(anonymous_2)
FN:53,(anonymous_3)
FN:66,(anonymous_4)
FN:75,(anonymous_5)
FN:80,(anonymous_6)
FN:84,(anonymous_7)
FN:92,updateUnreadFromTitle
FN:108,showTab
FN:110,(anonymous_10)
FN:129,(anonymous_11)
FN:142,createTabsContainer
FN:147,(anonymous_13)
FN:158,initializeTabs
FN:172,setupKeyboardShortcuts
FN:173,(anonymous_16)
FN:212,(anonymous_17)
FN:216,(anonymous_18)
FNF:19
FNH:0
FNDA:0,createPlatformTab
FNDA:0,setupTabEventListeners
FNDA:0,(anonymous_2)
FNDA:0,(anonymous_3)
FNDA:0,(anonymous_4)
FNDA:0,(anonymous_5)
FNDA:0,(anonymous_6)
FNDA:0,(anonymous_7)
FNDA:0,updateUnreadFromTitle
FNDA:0,showTab
FNDA:0,(anonymous_10)
FNDA:0,(anonymous_11)
FNDA:0,createTabsContainer
FNDA:0,(anonymous_13)
FNDA:0,initializeTabs
FNDA:0,setupKeyboardShortcuts
FNDA:0,(anonymous_16)
FNDA:0,(anonymous_17)
FNDA:0,(anonymous_18)
DA:1,0
DA:2,0
DA:3,0
DA:4,0
DA:5,0
DA:7,0
DA:8,0
DA:11,0
DA:12,0
DA:13,0
DA:14,0
DA:35,0
DA:38,0
DA:40,0
DA:44,0
DA:45,0
DA:46,0
DA:49,0
DA:50,0
DA:53,0
DA:54,0
DA:57,0
DA:58,0
DA:62,0
DA:66,0
DA:67,0
DA:68,0
DA:69,0
DA:70,0
DA:75,0
DA:76,0
DA:80,0
DA:81,0
DA:84,0
DA:85,0
DA:86,0
DA:87,0
DA:93,0
DA:94,0
DA:95,0
DA:98,0
DA:99,0
DA:102,0
DA:104,0
DA:110,0
DA:111,0
DA:115,0
DA:116,0
DA:117,0
DA:120,0
DA:121,0
DA:122,0
DA:125,0
DA:129,0
DA:130,0
DA:134,0
DA:143,0
DA:144,0
DA:147,0
DA:148,0
DA:149,0
DA:150,0
DA:151,0
DA:155,0
DA:159,0
DA:160,0
DA:161,0
DA:164,0
DA:165,0
DA:166,0
DA:169,0
DA:173,0
DA:175,0
DA:177,0
DA:178,0
DA:179,0
DA:181,0
DA:182,0
DA:183,0
DA:184,0
DA:185,0
DA:186,0
DA:187,0
DA:188,0
DA:189,0
DA:190,0
DA:191,0
DA:192,0
DA:194,0
DA:195,0
DA:196,0
DA:197,0
DA:203,0
DA:204,0
DA:206,0
DA:210,0
DA:213,0
DA:214,0
DA:217,0
DA:218,0
DA:219,0
DA:220,0
LF:102
LH:0
BRDA:57,0,0,0
BRDA:57,0,1,0
BRDA:68,1,0,0
BRDA:68,1,1,0
BRDA:81,2,0,0
BRDA:81,2,1,0
BRDA:86,3,0,0
BRDA:86,3,1,0
BRDA:95,4,0,0
BRDA:95,4,1,0
BRDA:99,5,0,0
BRDA:99,5,1,0
BRDA:116,6,0,0
BRDA:116,6,1,0
BRDA:121,7,0,0
BRDA:121,7,1,0
BRDA:149,8,0,0
BRDA:149,8,1,0
BRDA:159,9,0,0
BRDA:159,9,1,0
BRDA:165,10,0,0
BRDA:165,10,1,0
BRDA:175,11,0,0
BRDA:175,11,1,0
BRDA:181,12,0,0
BRDA:181,12,1,0
BRDA:181,13,0,0
BRDA:181,13,1,0
BRDA:185,14,0,0
BRDA:185,14,1,0
BRDA:185,15,0,0
BRDA:185,15,1,0
BRDA:189,16,0,0
BRDA:189,16,1,0
BRDA:189,17,0,0
BRDA:189,17,1,0
BRDA:191,18,0,0
BRDA:191,18,1,0
BRDA:194,19,0,0
BRDA:194,19,1,0
BRDA:194,20,0,0
BRDA:194,20,1,0
BRDA:197,21,0,0
BRDA:197,21,1,0
BRDA:203,22,0,0
BRDA:203,22,1,0
BRDA:214,23,0,0
BRDA:214,23,1,0
BRDA:218,24,0,0
BRDA:218,24,1,0
BRDA:220,25,0,0
BRDA:220,25,1,0
BRF:52
BRH:0
end_of_record
TN:
SF:src/modules/webviews/webviewManager.js
FN:6,(anonymous_0)
FN:14,(anonymous_1)
FN:22,(anonymous_2)
FN:58,(anonymous_3)
FN:62,(anonymous_4)
FN:67,(anonymous_5)
FN:82,(anonymous_6)
FN:92,(anonymous_7)
FN:101,(anonymous_8)
FN:109,(anonymous_9)
FN:114,(anonymous_10)
FN:123,(anonymous_11)
FN:127,(anonymous_12)
FN:132,(anonymous_13)
FN:145,(anonymous_14)
FN:147,(anonymous_15)
FN:152,(anonymous_16)
FN:157,(anonymous_17)
FN:163,(anonymous_18)
FN:168,(anonymous_19)
FN:172,(anonymous_20)
FN:191,(anonymous_21)
FN:200,(anonymous_22)
FN:213,(anonymous_23)
FN:218,(anonymous_24)
FN:224,(anonymous_25)
FN:231,(anonymous_26)
FN:254,(anonymous_27)
FN:263,(anonymous_28)
FN:277,(anonymous_29)
FN:282,(anonymous_30)
FN:295,(anonymous_31)
FN:301,(anonymous_32)
FN:316,(anonymous_33)
FN:322,(anonymous_34)
FN:337,(anonymous_35)
FN:347,(anonymous_36)
FN:355,(anonymous_37)
FN:358,(anonymous_38)
FN:364,(anonymous_39)
FNF:40
FNH:0
FNDA:0,(anonymous_0)
FNDA:0,(anonymous_1)
FNDA:0,(anonymous_2)
FNDA:0,(anonymous_3)
FNDA:0,(anonymous_4)
FNDA:0,(anonymous_5)
FNDA:0,(anonymous_6)
FNDA:0,(anonymous_7)
FNDA:0,(anonymous_8)
FNDA:0,(anonymous_9)
FNDA:0,(anonymous_10)
FNDA:0,(anonymous_11)
FNDA:0,(anonymous_12)
FNDA:0,(anonymous_13)
FNDA:0,(anonymous_14)
FNDA:0,(anonymous_15)
FNDA:0,(anonymous_16)
FNDA:0,(anonymous_17)
FNDA:0,(anonymous_18)
FNDA:0,(anonymous_19)
FNDA:0,(anonymous_20)
FNDA:0,(anonymous_21)
FNDA:0,(anonymous_22)
FNDA:0,(anonymous_23)
FNDA:0,(anonymous_24)
FNDA:0,(anonymous_25)
FNDA:0,(anonymous_26)
FNDA:0,(anonymous_27)
FNDA:0,(anonymous_28)
FNDA:0,(anonymous_29)
FNDA:0,(anonymous_30)
FNDA:0,(anonymous_31)
FNDA:0,(anonymous_32)
FNDA:0,(anonymous_33)
FNDA:0,(anonymous_34)
FNDA:0,(anonymous_35)
FNDA:0,(anonymous_36)
FNDA:0,(anonymous_37)
FNDA:0,(anonymous_38)
FNDA:0,(anonymous_39)
DA:1,0
DA:2,0
DA:3,0
DA:7,0
DA:8,0
DA:9,0
DA:10,0
DA:11,0
DA:16,0
DA:19,0
DA:24,0
DA:25,0
DA:26,0
DA:27,0
DA:30,0
DA:33,0
DA:34,0
DA:35,0
DA:36,0
DA:40,0
DA:43,0
DA:50,0
DA:53,0
DA:55,0
DA:59,0
DA:62,0
DA:63,0
DA:66,0
DA:67,0
DA:68,0
DA:73,0
DA:74,0
DA:83,0
DA:88,0
DA:92,0
DA:93,0
DA:101,0
DA:102,0
DA:103,0
DA:104,0
DA:109,0
DA:110,0
DA:114,0
DA:115,0
DA:123,0
DA:124,0
DA:127,0
DA:128,0
DA:132,0
DA:133,0
DA:135,0
DA:136,0
DA:147,0
DA:148,0
DA:152,0
DA:153,0
DA:164,0
DA:165,0
DA:169,0
DA:173,0
DA:174,0
DA:177,0
DA:180,0
DA:181,0
DA:184,0
DA:185,0
DA:188,0
DA:192,0
DA:193,0
DA:194,0
DA:195,0
DA:196,0
DA:201,0
DA:202,0
DA:204,0
DA:207,0
DA:208,0
DA:209,0
DA:214,0
DA:216,0
DA:219,0
DA:225,0
DA:226,0
DA:227,0
DA:233,0
DA:234,0
DA:235,0
DA:236,0
DA:239,0
DA:242,0
DA:243,0
DA:247,0
DA:250,0
DA:251,0
DA:256,0
DA:257,0
DA:258,0
DA:260,0
DA:264,0
DA:265,0
DA:266,0
DA:267,0
DA:268,0
DA:270,0
DA:271,0
DA:274,0
DA:278,0
DA:279,0
DA:281,0
DA:282,0
DA:285,0
DA:286,0
DA:288,0
DA:290,0
DA:292,0
DA:296,0
DA:297,0
DA:300,0
DA:301,0
DA:304,0
DA:305,0
DA:306,0
DA:309,0
DA:310,0
DA:311,0
DA:313,0
DA:317,0
DA:318,0
DA:321,0
DA:322,0
DA:325,0
DA:326,0
DA:327,0
DA:330,0
DA:331,0
DA:332,0
DA:334,0
DA:338,0
DA:339,0
DA:340,0
DA:343,0
DA:348,0
DA:349,0
DA:351,0
DA:352,0
DA:354,0
DA:355,0
DA:359,0
DA:360,0
DA:365,0
DA:366,0
DA:367,0
DA:368,0
DA:370,0
DA:378,0
DA:381,0
LF:156
LH:0
BRDA:25,0,0,0
BRDA:25,0,1,0
BRDA:66,1,0,0
BRDA:66,1,1,0
BRDA:73,2,0,0
BRDA:73,2,1,0
BRDA:103,3,0,0
BRDA:103,3,1,0
BRDA:133,4,0,0
BRDA:133,4,1,0
BRDA:165,5,0,0
BRDA:165,5,1,0
BRDA:174,6,0,0
BRDA:174,6,1,0
BRDA:184,7,0,0
BRDA:184,7,1,0
BRDA:193,8,0,0
BRDA:193,8,1,0
BRDA:202,9,0,0
BRDA:202,9,1,0
BRDA:202,10,0,0
BRDA:202,10,1,0
BRDA:207,11,0,0
BRDA:207,11,1,0
BRDA:225,12,0,0
BRDA:225,12,1,0
BRDA:234,13,0,0
BRDA:234,13,1,0
BRDA:234,14,0,0
BRDA:234,14,1,0
BRDA:242,15,0,0
BRDA:242,15,1,0
BRDA:257,16,0,0
BRDA:257,16,1,0
BRDA:265,17,0,0
BRDA:265,17,1,0
BRDA:278,18,0,0
BRDA:278,18,1,0
BRDA:279,19,0,0
BRDA:279,19,1,0
BRDA:285,20,0,0
BRDA:285,20,1,0
BRDA:285,21,0,0
BRDA:285,21,1,0
BRDA:296,22,0,0
BRDA:296,22,1,0
BRDA:297,23,0,0
BRDA:297,23,1,0
BRDA:304,24,0,0
BRDA:304,24,1,0
BRDA:304,25,0,0
BRDA:304,25,1,0
BRDA:305,26,0,0
BRDA:305,26,1,0
BRDA:309,27,0,0
BRDA:309,27,1,0
BRDA:317,28,0,0
BRDA:317,28,1,0
BRDA:318,29,0,0
BRDA:318,29,1,0
BRDA:325,30,0,0
BRDA:325,30,1,0
BRDA:325,31,0,0
BRDA:325,31,1,0
BRDA:326,32,0,0
BRDA:326,32,1,0
BRDA:330,33,0,0
BRDA:330,33,1,0
BRDA:339,34,0,0
BRDA:339,34,1,0
BRDA:348,35,0,0
BRDA:348,35,1,0
BRDA:351,36,0,0
BRDA:351,36,1,0
BRDA:359,37,0,0
BRDA:359,37,1,0
BRDA:359,38,0,0
BRDA:359,38,1,0
BRDA:365,39,0,0
BRDA:365,39,1,0
BRDA:365,40,0,0
BRDA:365,40,1,0
BRF:82
BRH:0
end_of_record
TN:
SF:src/utils/accessibility.js
FN:9,initAccessibility
FN:19,addSkipLink
FN:30,initAriaAttributes
FN:32,(anonymous_3)
FN:46,(anonymous_4)
FN:62,setupKeyboardNavigation
FN:64,(anonymous_6)
FN:99,setupReducedMotion
FN:106,(anonymous_8)
FN:121,hasSufficientContrast
FN:138,getLuminance
FN:148,(anonymous_11)
FN:161,makeFocusable
FN:165,(anonymous_13)
FN:176,(anonymous_14)
FNF:15
FNH:0
FNDA:0,initAccessibility
FNDA:0,addSkipLink
FNDA:0,initAriaAttributes
FNDA:0,(anonymous_3)
FNDA:0,(anonymous_4)
FNDA:0,setupKeyboardNavigation
FNDA:0,(anonymous_6)
FNDA:0,setupReducedMotion
FNDA:0,(anonymous_8)
FNDA:0,hasSufficientContrast
FNDA:0,getLuminance
FNDA:0,(anonymous_11)
FNDA:0,makeFocusable
FNDA:0,(anonymous_13)
FNDA:0,(anonymous_14)
DA:10,0
DA:11,0
DA:12,0
DA:13,0
DA:20,0
DA:21,0
DA:22,0
DA:23,0
DA:24,0
DA:32,0
DA:33,0
DA:34,0
DA:35,0
DA:36,0
DA:39,0
DA:40,0
DA:41,0
DA:46,0
DA:47,0
DA:48,0
DA:50,0
DA:51,0
DA:52,0
DA:53,0
DA:54,0
DA:64,0
DA:66,0
DA:67,0
DA:68,0
DA:70,0
DA:75,0
DA:76,0
DA:77,0
DA:79,0
DA:80,0
DA:83,0
DA:84,0
DA:86,0
DA:89,0
DA:90,0
DA:101,0
DA:102,0
DA:106,0
DA:107,0
DA:108,0
DA:110,0
DA:122,0
DA:123,0
DA:125,0
DA:126,0
DA:128,0
DA:131,0
DA:140,0
DA:143,0
DA:144,0
DA:145,0
DA:148,0
DA:149,0
DA:153,0
DA:162,0
DA:163,0
DA:165,0
DA:166,0
DA:167,0
DA:168,0
DA:172,0
DA:173,0
DA:176,0
DA:177,0
DA:178,0
LF:70
LH:0
BRDA:40,0,0,0
BRDA:40,0,1,0
BRDA:40,1,0,0
BRDA:40,1,1,0
BRDA:52,2,0,0
BRDA:52,2,1,0
BRDA:54,3,0,0
BRDA:54,3,1,0
BRDA:66,4,0,0
BRDA:66,4,1,0
BRDA:68,5,0,0
BRDA:68,5,1,0
BRDA:75,6,0,0
BRDA:75,6,1,0
BRDA:75,7,0,0
BRDA:75,7,1,0
BRDA:79,8,0,0
BRDA:79,8,1,0
BRDA:83,9,0,0
BRDA:83,9,1,0
BRDA:101,10,0,0
BRDA:101,10,1,0
BRDA:107,11,0,0
BRDA:107,11,1,0
BRDA:140,12,0,0
BRDA:140,12,1,0
BRDA:149,13,0,0
BRDA:149,13,1,0
BRDA:166,14,0,0
BRDA:166,14,1,0
BRDA:166,15,0,0
BRDA:166,15,1,0
BRF:32
BRH:0
end_of_record
